<?xml version="1.0" encoding="UTF-8"?>
<testng-results skipped="0" failed="20" ignored="28" total="119" passed="71">
  <reporter-output>
  </reporter-output>
  <suite name="CalculatorTest" duration-ms="0" started-at="2017-06-04T13:27:08Z" finished-at="2017-06-04T13:27:08Z">
    <groups>
    </groups>
  </suite> <!-- CalculatorTest -->
  <suite name="CalculatorTest (0)" duration-ms="208" started-at="2017-06-04T13:27:07Z" finished-at="2017-06-04T13:27:07Z">
    <groups>
      <group name="cos">
        <method signature="CosTest.testCos(double, double)[pri:0, instance:testng.calculator.CosTest@5679c6c6]" name="testCos" class="testng.calculator.CosTest"/>
      </group> <!-- cos -->
      <group name="sin">
        <method signature="SinTest.testSin(double, double)[pri:0, instance:testng.calculator.SinTest@27ddd392]" name="testSin" class="testng.calculator.SinTest"/>
      </group> <!-- sin -->
      <group name="infinity">
        <method signature="CtgTest.ctg0()[pri:0, instance:testng.calculator.CtgTest@12bc6874]" name="ctg0" class="testng.calculator.CtgTest"/>
        <method signature="TgTest.tg90()[pri:0, instance:testng.calculator.TgTest@ba4d54]" name="tg90" class="testng.calculator.TgTest"/>
      </group> <!-- infinity -->
    </groups>
    <test name="TrigonometryTest" duration-ms="76" started-at="2017-06-04T13:27:07Z" finished-at="2017-06-04T13:27:07Z">
      <class name="testng.calculator.TgTest">
        <test-method status="PASS" signature="setUp()[pri:0, instance:testng.calculator.TgTest@19e1023e]" name="setUp" is-config="true" duration-ms="1" started-at="2017-06-04T16:27:07Z" finished-at="2017-06-04T16:27:07Z">
          <reporter-output>
          </reporter-output>
        </test-method> <!-- setUp -->
        <test-method status="FAIL" signature="testTg(double, double)[pri:0, instance:testng.calculator.TgTest@19e1023e]" name="testTg" duration-ms="0" started-at="2017-06-04T16:27:07Z" data-provider="tgDataProvider" finished-at="2017-06-04T16:27:07Z">
          <params>
            <param index="0">
              <value>
                <![CDATA[30.0]]>
              </value>
            </param>
            <param index="1">
              <value>
                <![CDATA[0.577]]>
              </value>
            </param>
          </params>
          <exception class="java.lang.AssertionError">
            <message>
              <![CDATA[expected [0.577] but found [1.0]]]>
            </message>
            <full-stacktrace>
              <![CDATA[java.lang.AssertionError: expected [0.577] but found [1.0]
	at org.testng.Assert.fail(Assert.java:93)
	at org.testng.Assert.failNotEquals(Assert.java:512)
	at org.testng.Assert.assertEqualsImpl(Assert.java:134)
	at org.testng.Assert.assertEquals(Assert.java:115)
	at org.testng.Assert.assertEquals(Assert.java:178)
	at testng.calculator.TgTest.testTg(TgTest.java:14)
	at sun.reflect.NativeMethodAccessorImpl.invoke0(Native Method)
	at sun.reflect.NativeMethodAccessorImpl.invoke(NativeMethodAccessorImpl.java:62)
	at sun.reflect.DelegatingMethodAccessorImpl.invoke(DelegatingMethodAccessorImpl.java:43)
	at java.lang.reflect.Method.invoke(Method.java:498)
	at org.testng.internal.MethodInvocationHelper.invokeMethod(MethodInvocationHelper.java:108)
	at org.testng.internal.Invoker.invokeMethod(Invoker.java:661)
	at org.testng.internal.Invoker.invokeTestMethod(Invoker.java:869)
	at org.testng.internal.Invoker.invokeTestMethods(Invoker.java:1193)
	at org.testng.internal.TestMethodWorker.invokeTestMethods(TestMethodWorker.java:126)
	at org.testng.internal.TestMethodWorker.run(TestMethodWorker.java:109)
	at org.testng.TestRunner.privateRun(TestRunner.java:744)
	at org.testng.TestRunner.run(TestRunner.java:602)
	at org.testng.SuiteRunner.runTest(SuiteRunner.java:380)
	at org.testng.SuiteRunner.runSequentially(SuiteRunner.java:375)
	at org.testng.SuiteRunner.privateRun(SuiteRunner.java:340)
	at org.testng.SuiteRunner.run(SuiteRunner.java:289)
	at org.testng.SuiteRunnerWorker.runSuite(SuiteRunnerWorker.java:52)
	at org.testng.SuiteRunnerWorker.run(SuiteRunnerWorker.java:86)
	at org.testng.TestNG.runSuitesSequentially(TestNG.java:1301)
	at org.testng.TestNG.runSuitesSequentially(TestNG.java:1297)
	at org.testng.TestNG.runSuitesLocally(TestNG.java:1226)
	at org.testng.TestNG.runSuites(TestNG.java:1144)
	at org.testng.TestNG.run(TestNG.java:1115)
	at testng.runner.TestRunner.main(TestRunner.java:33)
	at sun.reflect.NativeMethodAccessorImpl.invoke0(Native Method)
	at sun.reflect.NativeMethodAccessorImpl.invoke(NativeMethodAccessorImpl.java:62)
	at sun.reflect.DelegatingMethodAccessorImpl.invoke(DelegatingMethodAccessorImpl.java:43)
	at java.lang.reflect.Method.invoke(Method.java:498)
	at com.intellij.rt.execution.application.AppMain.main(AppMain.java:147)
]]>
            </full-stacktrace>
          </exception> <!-- java.lang.AssertionError -->
          <reporter-output>
          </reporter-output>
        </test-method> <!-- testTg -->
        <test-method status="PASS" signature="testTg(double, double)[pri:0, instance:testng.calculator.TgTest@19e1023e]" name="testTg" duration-ms="0" started-at="2017-06-04T16:27:07Z" data-provider="tgDataProvider" finished-at="2017-06-04T16:27:07Z">
          <params>
            <param index="0">
              <value>
                <![CDATA[0.0]]>
              </value>
            </param>
            <param index="1">
              <value>
                <![CDATA[0.0]]>
              </value>
            </param>
          </params>
          <reporter-output>
          </reporter-output>
        </test-method> <!-- testTg -->
        <test-method status="FAIL" signature="testTg(double, double)[pri:0, instance:testng.calculator.TgTest@19e1023e]" name="testTg" duration-ms="0" started-at="2017-06-04T16:27:07Z" data-provider="tgDataProvider" finished-at="2017-06-04T16:27:07Z">
          <params>
            <param index="0">
              <value>
                <![CDATA[60.0]]>
              </value>
            </param>
            <param index="1">
              <value>
                <![CDATA[1.732]]>
              </value>
            </param>
          </params>
          <exception class="java.lang.AssertionError">
            <message>
              <![CDATA[expected [1.732] but found [1.0]]]>
            </message>
            <full-stacktrace>
              <![CDATA[java.lang.AssertionError: expected [1.732] but found [1.0]
	at org.testng.Assert.fail(Assert.java:93)
	at org.testng.Assert.failNotEquals(Assert.java:512)
	at org.testng.Assert.assertEqualsImpl(Assert.java:134)
	at org.testng.Assert.assertEquals(Assert.java:115)
	at org.testng.Assert.assertEquals(Assert.java:178)
	at testng.calculator.TgTest.testTg(TgTest.java:14)
	at sun.reflect.NativeMethodAccessorImpl.invoke0(Native Method)
	at sun.reflect.NativeMethodAccessorImpl.invoke(NativeMethodAccessorImpl.java:62)
	at sun.reflect.DelegatingMethodAccessorImpl.invoke(DelegatingMethodAccessorImpl.java:43)
	at java.lang.reflect.Method.invoke(Method.java:498)
	at org.testng.internal.MethodInvocationHelper.invokeMethod(MethodInvocationHelper.java:108)
	at org.testng.internal.Invoker.invokeMethod(Invoker.java:661)
	at org.testng.internal.Invoker.invokeTestMethod(Invoker.java:869)
	at org.testng.internal.Invoker.invokeTestMethods(Invoker.java:1193)
	at org.testng.internal.TestMethodWorker.invokeTestMethods(TestMethodWorker.java:126)
	at org.testng.internal.TestMethodWorker.run(TestMethodWorker.java:109)
	at org.testng.TestRunner.privateRun(TestRunner.java:744)
	at org.testng.TestRunner.run(TestRunner.java:602)
	at org.testng.SuiteRunner.runTest(SuiteRunner.java:380)
	at org.testng.SuiteRunner.runSequentially(SuiteRunner.java:375)
	at org.testng.SuiteRunner.privateRun(SuiteRunner.java:340)
	at org.testng.SuiteRunner.run(SuiteRunner.java:289)
	at org.testng.SuiteRunnerWorker.runSuite(SuiteRunnerWorker.java:52)
	at org.testng.SuiteRunnerWorker.run(SuiteRunnerWorker.java:86)
	at org.testng.TestNG.runSuitesSequentially(TestNG.java:1301)
	at org.testng.TestNG.runSuitesSequentially(TestNG.java:1297)
	at org.testng.TestNG.runSuitesLocally(TestNG.java:1226)
	at org.testng.TestNG.runSuites(TestNG.java:1144)
	at org.testng.TestNG.run(TestNG.java:1115)
	at testng.runner.TestRunner.main(TestRunner.java:33)
	at sun.reflect.NativeMethodAccessorImpl.invoke0(Native Method)
	at sun.reflect.NativeMethodAccessorImpl.invoke(NativeMethodAccessorImpl.java:62)
	at sun.reflect.DelegatingMethodAccessorImpl.invoke(DelegatingMethodAccessorImpl.java:43)
	at java.lang.reflect.Method.invoke(Method.java:498)
	at com.intellij.rt.execution.application.AppMain.main(AppMain.java:147)
]]>
            </full-stacktrace>
          </exception> <!-- java.lang.AssertionError -->
          <reporter-output>
          </reporter-output>
        </test-method> <!-- testTg -->
        <test-method status="PASS" signature="testTg(double, double)[pri:0, instance:testng.calculator.TgTest@19e1023e]" name="testTg" duration-ms="0" started-at="2017-06-04T16:27:07Z" data-provider="tgDataProvider" finished-at="2017-06-04T16:27:07Z">
          <params>
            <param index="0">
              <value>
                <![CDATA[45.0]]>
              </value>
            </param>
            <param index="1">
              <value>
                <![CDATA[1.0]]>
              </value>
            </param>
          </params>
          <reporter-output>
          </reporter-output>
        </test-method> <!-- testTg -->
      </class> <!-- testng.calculator.TgTest -->
      <class name="testng.calculator.CosTest">
        <test-method status="PASS" signature="setUp()[pri:0, instance:testng.calculator.CosTest@5679c6c6]" name="setUp" is-config="true" duration-ms="2" started-at="2017-06-04T16:27:07Z" finished-at="2017-06-04T16:27:07Z">
          <reporter-output>
          </reporter-output>
        </test-method> <!-- setUp -->
        <test-method status="FAIL" signature="testCos(double, double)[pri:0, instance:testng.calculator.CosTest@5679c6c6]" name="testCos" duration-ms="3" started-at="2017-06-04T16:27:07Z" data-provider="cosDataProvider" finished-at="2017-06-04T16:27:07Z">
          <params>
            <param index="0">
              <value>
                <![CDATA[0.0]]>
              </value>
            </param>
            <param index="1">
              <value>
                <![CDATA[1.0]]>
              </value>
            </param>
          </params>
          <exception class="java.lang.AssertionError">
            <message>
              <![CDATA[expected [1.0] but found [0.0]]]>
            </message>
            <full-stacktrace>
              <![CDATA[java.lang.AssertionError: expected [1.0] but found [0.0]
	at org.testng.Assert.fail(Assert.java:93)
	at org.testng.Assert.failNotEquals(Assert.java:512)
	at org.testng.Assert.assertEqualsImpl(Assert.java:134)
	at org.testng.Assert.assertEquals(Assert.java:115)
	at org.testng.Assert.assertEquals(Assert.java:178)
	at testng.calculator.CosTest.testCos(CosTest.java:15)
	at sun.reflect.NativeMethodAccessorImpl.invoke0(Native Method)
	at sun.reflect.NativeMethodAccessorImpl.invoke(NativeMethodAccessorImpl.java:62)
	at sun.reflect.DelegatingMethodAccessorImpl.invoke(DelegatingMethodAccessorImpl.java:43)
	at java.lang.reflect.Method.invoke(Method.java:498)
	at org.testng.internal.MethodInvocationHelper.invokeMethod(MethodInvocationHelper.java:108)
	at org.testng.internal.Invoker.invokeMethod(Invoker.java:661)
	at org.testng.internal.Invoker.invokeTestMethod(Invoker.java:869)
	at org.testng.internal.Invoker.invokeTestMethods(Invoker.java:1193)
	at org.testng.internal.TestMethodWorker.invokeTestMethods(TestMethodWorker.java:126)
	at org.testng.internal.TestMethodWorker.run(TestMethodWorker.java:109)
	at org.testng.TestRunner.privateRun(TestRunner.java:744)
	at org.testng.TestRunner.run(TestRunner.java:602)
	at org.testng.SuiteRunner.runTest(SuiteRunner.java:380)
	at org.testng.SuiteRunner.runSequentially(SuiteRunner.java:375)
	at org.testng.SuiteRunner.privateRun(SuiteRunner.java:340)
	at org.testng.SuiteRunner.run(SuiteRunner.java:289)
	at org.testng.SuiteRunnerWorker.runSuite(SuiteRunnerWorker.java:52)
	at org.testng.SuiteRunnerWorker.run(SuiteRunnerWorker.java:86)
	at org.testng.TestNG.runSuitesSequentially(TestNG.java:1301)
	at org.testng.TestNG.runSuitesSequentially(TestNG.java:1297)
	at org.testng.TestNG.runSuitesLocally(TestNG.java:1226)
	at org.testng.TestNG.runSuites(TestNG.java:1144)
	at org.testng.TestNG.run(TestNG.java:1115)
	at testng.runner.TestRunner.main(TestRunner.java:33)
	at sun.reflect.NativeMethodAccessorImpl.invoke0(Native Method)
	at sun.reflect.NativeMethodAccessorImpl.invoke(NativeMethodAccessorImpl.java:62)
	at sun.reflect.DelegatingMethodAccessorImpl.invoke(DelegatingMethodAccessorImpl.java:43)
	at java.lang.reflect.Method.invoke(Method.java:498)
	at com.intellij.rt.execution.application.AppMain.main(AppMain.java:147)
]]>
            </full-stacktrace>
          </exception> <!-- java.lang.AssertionError -->
          <reporter-output>
          </reporter-output>
        </test-method> <!-- testCos -->
        <test-method status="PASS" signature="setStartPhrase()[pri:0, instance:testng.calculator.CosTest@5679c6c6]" name="setStartPhrase" is-config="true" duration-ms="0" started-at="2017-06-04T16:27:07Z" finished-at="2017-06-04T16:27:07Z">
          <reporter-output>
          </reporter-output>
        </test-method> <!-- setStartPhrase -->
        <test-method status="FAIL" signature="testCos(double, double)[pri:0, instance:testng.calculator.CosTest@5679c6c6]" name="testCos" duration-ms="0" started-at="2017-06-04T16:27:07Z" data-provider="cosDataProvider" finished-at="2017-06-04T16:27:07Z">
          <params>
            <param index="0">
              <value>
                <![CDATA[30.0]]>
              </value>
            </param>
            <param index="1">
              <value>
                <![CDATA[0.866]]>
              </value>
            </param>
          </params>
          <exception class="java.lang.AssertionError">
            <message>
              <![CDATA[expected [0.866] but found [0.5]]]>
            </message>
            <full-stacktrace>
              <![CDATA[java.lang.AssertionError: expected [0.866] but found [0.5]
	at org.testng.Assert.fail(Assert.java:93)
	at org.testng.Assert.failNotEquals(Assert.java:512)
	at org.testng.Assert.assertEqualsImpl(Assert.java:134)
	at org.testng.Assert.assertEquals(Assert.java:115)
	at org.testng.Assert.assertEquals(Assert.java:178)
	at testng.calculator.CosTest.testCos(CosTest.java:15)
	at sun.reflect.NativeMethodAccessorImpl.invoke0(Native Method)
	at sun.reflect.NativeMethodAccessorImpl.invoke(NativeMethodAccessorImpl.java:62)
	at sun.reflect.DelegatingMethodAccessorImpl.invoke(DelegatingMethodAccessorImpl.java:43)
	at java.lang.reflect.Method.invoke(Method.java:498)
	at org.testng.internal.MethodInvocationHelper.invokeMethod(MethodInvocationHelper.java:108)
	at org.testng.internal.Invoker.invokeMethod(Invoker.java:661)
	at org.testng.internal.Invoker.invokeTestMethod(Invoker.java:869)
	at org.testng.internal.Invoker.invokeTestMethods(Invoker.java:1193)
	at org.testng.internal.TestMethodWorker.invokeTestMethods(TestMethodWorker.java:126)
	at org.testng.internal.TestMethodWorker.run(TestMethodWorker.java:109)
	at org.testng.TestRunner.privateRun(TestRunner.java:744)
	at org.testng.TestRunner.run(TestRunner.java:602)
	at org.testng.SuiteRunner.runTest(SuiteRunner.java:380)
	at org.testng.SuiteRunner.runSequentially(SuiteRunner.java:375)
	at org.testng.SuiteRunner.privateRun(SuiteRunner.java:340)
	at org.testng.SuiteRunner.run(SuiteRunner.java:289)
	at org.testng.SuiteRunnerWorker.runSuite(SuiteRunnerWorker.java:52)
	at org.testng.SuiteRunnerWorker.run(SuiteRunnerWorker.java:86)
	at org.testng.TestNG.runSuitesSequentially(TestNG.java:1301)
	at org.testng.TestNG.runSuitesSequentially(TestNG.java:1297)
	at org.testng.TestNG.runSuitesLocally(TestNG.java:1226)
	at org.testng.TestNG.runSuites(TestNG.java:1144)
	at org.testng.TestNG.run(TestNG.java:1115)
	at testng.runner.TestRunner.main(TestRunner.java:33)
	at sun.reflect.NativeMethodAccessorImpl.invoke0(Native Method)
	at sun.reflect.NativeMethodAccessorImpl.invoke(NativeMethodAccessorImpl.java:62)
	at sun.reflect.DelegatingMethodAccessorImpl.invoke(DelegatingMethodAccessorImpl.java:43)
	at java.lang.reflect.Method.invoke(Method.java:498)
	at com.intellij.rt.execution.application.AppMain.main(AppMain.java:147)
]]>
            </full-stacktrace>
          </exception> <!-- java.lang.AssertionError -->
          <reporter-output>
          </reporter-output>
        </test-method> <!-- testCos -->
        <test-method status="PASS" signature="testCos(double, double)[pri:0, instance:testng.calculator.CosTest@5679c6c6]" name="testCos" duration-ms="0" started-at="2017-06-04T16:27:07Z" data-provider="cosDataProvider" finished-at="2017-06-04T16:27:07Z">
          <params>
            <param index="0">
              <value>
                <![CDATA[45.0]]>
              </value>
            </param>
            <param index="1">
              <value>
                <![CDATA[0.707]]>
              </value>
            </param>
          </params>
          <reporter-output>
          </reporter-output>
        </test-method> <!-- testCos -->
        <test-method status="FAIL" signature="testCos(double, double)[pri:0, instance:testng.calculator.CosTest@5679c6c6]" name="testCos" duration-ms="0" started-at="2017-06-04T16:27:07Z" data-provider="cosDataProvider" finished-at="2017-06-04T16:27:07Z">
          <params>
            <param index="0">
              <value>
                <![CDATA[60.0]]>
              </value>
            </param>
            <param index="1">
              <value>
                <![CDATA[0.5]]>
              </value>
            </param>
          </params>
          <exception class="java.lang.AssertionError">
            <message>
              <![CDATA[expected [0.5] but found [0.866]]]>
            </message>
            <full-stacktrace>
              <![CDATA[java.lang.AssertionError: expected [0.5] but found [0.866]
	at org.testng.Assert.fail(Assert.java:93)
	at org.testng.Assert.failNotEquals(Assert.java:512)
	at org.testng.Assert.assertEqualsImpl(Assert.java:134)
	at org.testng.Assert.assertEquals(Assert.java:115)
	at org.testng.Assert.assertEquals(Assert.java:178)
	at testng.calculator.CosTest.testCos(CosTest.java:15)
	at sun.reflect.NativeMethodAccessorImpl.invoke0(Native Method)
	at sun.reflect.NativeMethodAccessorImpl.invoke(NativeMethodAccessorImpl.java:62)
	at sun.reflect.DelegatingMethodAccessorImpl.invoke(DelegatingMethodAccessorImpl.java:43)
	at java.lang.reflect.Method.invoke(Method.java:498)
	at org.testng.internal.MethodInvocationHelper.invokeMethod(MethodInvocationHelper.java:108)
	at org.testng.internal.Invoker.invokeMethod(Invoker.java:661)
	at org.testng.internal.Invoker.invokeTestMethod(Invoker.java:869)
	at org.testng.internal.Invoker.invokeTestMethods(Invoker.java:1193)
	at org.testng.internal.TestMethodWorker.invokeTestMethods(TestMethodWorker.java:126)
	at org.testng.internal.TestMethodWorker.run(TestMethodWorker.java:109)
	at org.testng.TestRunner.privateRun(TestRunner.java:744)
	at org.testng.TestRunner.run(TestRunner.java:602)
	at org.testng.SuiteRunner.runTest(SuiteRunner.java:380)
	at org.testng.SuiteRunner.runSequentially(SuiteRunner.java:375)
	at org.testng.SuiteRunner.privateRun(SuiteRunner.java:340)
	at org.testng.SuiteRunner.run(SuiteRunner.java:289)
	at org.testng.SuiteRunnerWorker.runSuite(SuiteRunnerWorker.java:52)
	at org.testng.SuiteRunnerWorker.run(SuiteRunnerWorker.java:86)
	at org.testng.TestNG.runSuitesSequentially(TestNG.java:1301)
	at org.testng.TestNG.runSuitesSequentially(TestNG.java:1297)
	at org.testng.TestNG.runSuitesLocally(TestNG.java:1226)
	at org.testng.TestNG.runSuites(TestNG.java:1144)
	at org.testng.TestNG.run(TestNG.java:1115)
	at testng.runner.TestRunner.main(TestRunner.java:33)
	at sun.reflect.NativeMethodAccessorImpl.invoke0(Native Method)
	at sun.reflect.NativeMethodAccessorImpl.invoke(NativeMethodAccessorImpl.java:62)
	at sun.reflect.DelegatingMethodAccessorImpl.invoke(DelegatingMethodAccessorImpl.java:43)
	at java.lang.reflect.Method.invoke(Method.java:498)
	at com.intellij.rt.execution.application.AppMain.main(AppMain.java:147)
]]>
            </full-stacktrace>
          </exception> <!-- java.lang.AssertionError -->
          <reporter-output>
          </reporter-output>
        </test-method> <!-- testCos -->
        <test-method status="FAIL" signature="testCos(double, double)[pri:0, instance:testng.calculator.CosTest@5679c6c6]" name="testCos" duration-ms="0" started-at="2017-06-04T16:27:07Z" data-provider="cosDataProvider" finished-at="2017-06-04T16:27:07Z">
          <params>
            <param index="0">
              <value>
                <![CDATA[90.0]]>
              </value>
            </param>
            <param index="1">
              <value>
                <![CDATA[0.0]]>
              </value>
            </param>
          </params>
          <exception class="java.lang.AssertionError">
            <message>
              <![CDATA[expected [0.0] but found [1.0]]]>
            </message>
            <full-stacktrace>
              <![CDATA[java.lang.AssertionError: expected [0.0] but found [1.0]
	at org.testng.Assert.fail(Assert.java:93)
	at org.testng.Assert.failNotEquals(Assert.java:512)
	at org.testng.Assert.assertEqualsImpl(Assert.java:134)
	at org.testng.Assert.assertEquals(Assert.java:115)
	at org.testng.Assert.assertEquals(Assert.java:178)
	at testng.calculator.CosTest.testCos(CosTest.java:15)
	at sun.reflect.NativeMethodAccessorImpl.invoke0(Native Method)
	at sun.reflect.NativeMethodAccessorImpl.invoke(NativeMethodAccessorImpl.java:62)
	at sun.reflect.DelegatingMethodAccessorImpl.invoke(DelegatingMethodAccessorImpl.java:43)
	at java.lang.reflect.Method.invoke(Method.java:498)
	at org.testng.internal.MethodInvocationHelper.invokeMethod(MethodInvocationHelper.java:108)
	at org.testng.internal.Invoker.invokeMethod(Invoker.java:661)
	at org.testng.internal.Invoker.invokeTestMethod(Invoker.java:869)
	at org.testng.internal.Invoker.invokeTestMethods(Invoker.java:1193)
	at org.testng.internal.TestMethodWorker.invokeTestMethods(TestMethodWorker.java:126)
	at org.testng.internal.TestMethodWorker.run(TestMethodWorker.java:109)
	at org.testng.TestRunner.privateRun(TestRunner.java:744)
	at org.testng.TestRunner.run(TestRunner.java:602)
	at org.testng.SuiteRunner.runTest(SuiteRunner.java:380)
	at org.testng.SuiteRunner.runSequentially(SuiteRunner.java:375)
	at org.testng.SuiteRunner.privateRun(SuiteRunner.java:340)
	at org.testng.SuiteRunner.run(SuiteRunner.java:289)
	at org.testng.SuiteRunnerWorker.runSuite(SuiteRunnerWorker.java:52)
	at org.testng.SuiteRunnerWorker.run(SuiteRunnerWorker.java:86)
	at org.testng.TestNG.runSuitesSequentially(TestNG.java:1301)
	at org.testng.TestNG.runSuitesSequentially(TestNG.java:1297)
	at org.testng.TestNG.runSuitesLocally(TestNG.java:1226)
	at org.testng.TestNG.runSuites(TestNG.java:1144)
	at org.testng.TestNG.run(TestNG.java:1115)
	at testng.runner.TestRunner.main(TestRunner.java:33)
	at sun.reflect.NativeMethodAccessorImpl.invoke0(Native Method)
	at sun.reflect.NativeMethodAccessorImpl.invoke(NativeMethodAccessorImpl.java:62)
	at sun.reflect.DelegatingMethodAccessorImpl.invoke(DelegatingMethodAccessorImpl.java:43)
	at java.lang.reflect.Method.invoke(Method.java:498)
	at com.intellij.rt.execution.application.AppMain.main(AppMain.java:147)
]]>
            </full-stacktrace>
          </exception> <!-- java.lang.AssertionError -->
          <reporter-output>
          </reporter-output>
        </test-method> <!-- testCos -->
        <test-method status="PASS" signature="setFinishPhrase()[pri:0, instance:testng.calculator.CosTest@5679c6c6]" name="setFinishPhrase" is-config="true" duration-ms="1" started-at="2017-06-04T16:27:07Z" finished-at="2017-06-04T16:27:07Z">
          <reporter-output>
          </reporter-output>
        </test-method> <!-- setFinishPhrase -->
        <test-method status="PASS" signature="setStartPhraseSin()[pri:0, instance:testng.calculator.CosTest@5679c6c6]" name="setStartPhraseSin" is-config="true" duration-ms="1" started-at="2017-06-04T16:27:07Z" finished-at="2017-06-04T16:27:07Z">
          <reporter-output>
          </reporter-output>
        </test-method> <!-- setStartPhraseSin -->
        <test-method status="PASS" signature="setFinishPhraseSin()[pri:0, instance:testng.calculator.CosTest@5679c6c6]" name="setFinishPhraseSin" is-config="true" duration-ms="0" started-at="2017-06-04T16:27:07Z" finished-at="2017-06-04T16:27:07Z">
          <reporter-output>
          </reporter-output>
        </test-method> <!-- setFinishPhraseSin -->
      </class> <!-- testng.calculator.CosTest -->
      <class name="testng.calculator.SinTest">
        <test-method status="PASS" signature="setUp()[pri:0, instance:testng.calculator.SinTest@27ddd392]" name="setUp" is-config="true" duration-ms="1" started-at="2017-06-04T16:27:07Z" finished-at="2017-06-04T16:27:07Z">
          <reporter-output>
          </reporter-output>
        </test-method> <!-- setUp -->
        <test-method status="PASS" signature="testSin(double, double)[pri:0, instance:testng.calculator.SinTest@27ddd392]" name="testSin" duration-ms="1" started-at="2017-06-04T16:27:07Z" data-provider="sinDataProvider" finished-at="2017-06-04T16:27:07Z">
          <params>
            <param index="0">
              <value>
                <![CDATA[0.0]]>
              </value>
            </param>
            <param index="1">
              <value>
                <![CDATA[0.0]]>
              </value>
            </param>
          </params>
          <reporter-output>
          </reporter-output>
        </test-method> <!-- testSin -->
        <test-method status="PASS" signature="testSin(double, double)[pri:0, instance:testng.calculator.SinTest@27ddd392]" name="testSin" duration-ms="1" started-at="2017-06-04T16:27:07Z" data-provider="sinDataProvider" finished-at="2017-06-04T16:27:07Z">
          <params>
            <param index="0">
              <value>
                <![CDATA[60.0]]>
              </value>
            </param>
            <param index="1">
              <value>
                <![CDATA[0.866]]>
              </value>
            </param>
          </params>
          <reporter-output>
          </reporter-output>
        </test-method> <!-- testSin -->
        <test-method status="PASS" signature="testSin(double, double)[pri:0, instance:testng.calculator.SinTest@27ddd392]" name="testSin" duration-ms="0" started-at="2017-06-04T16:27:07Z" data-provider="sinDataProvider" finished-at="2017-06-04T16:27:07Z">
          <params>
            <param index="0">
              <value>
                <![CDATA[45.0]]>
              </value>
            </param>
            <param index="1">
              <value>
                <![CDATA[0.707]]>
              </value>
            </param>
          </params>
          <reporter-output>
          </reporter-output>
        </test-method> <!-- testSin -->
        <test-method status="PASS" signature="testSin(double, double)[pri:0, instance:testng.calculator.SinTest@27ddd392]" name="testSin" duration-ms="0" started-at="2017-06-04T16:27:07Z" data-provider="sinDataProvider" finished-at="2017-06-04T16:27:07Z">
          <params>
            <param index="0">
              <value>
                <![CDATA[30.0]]>
              </value>
            </param>
            <param index="1">
              <value>
                <![CDATA[0.5]]>
              </value>
            </param>
          </params>
          <reporter-output>
          </reporter-output>
        </test-method> <!-- testSin -->
        <test-method status="PASS" signature="testSin(double, double)[pri:0, instance:testng.calculator.SinTest@27ddd392]" name="testSin" duration-ms="0" started-at="2017-06-04T16:27:07Z" data-provider="sinDataProvider" finished-at="2017-06-04T16:27:07Z">
          <params>
            <param index="0">
              <value>
                <![CDATA[90.0]]>
              </value>
            </param>
            <param index="1">
              <value>
                <![CDATA[1.0]]>
              </value>
            </param>
          </params>
          <reporter-output>
          </reporter-output>
        </test-method> <!-- testSin -->
      </class> <!-- testng.calculator.SinTest -->
      <class name="testng.calculator.CtgTest">
        <test-method status="PASS" signature="setUp()[pri:0, instance:testng.calculator.CtgTest@7cef4e59]" name="setUp" is-config="true" duration-ms="0" started-at="2017-06-04T16:27:07Z" finished-at="2017-06-04T16:27:07Z">
          <reporter-output>
          </reporter-output>
        </test-method> <!-- setUp -->
        <test-method status="FAIL" signature="testCtg(double, double)[pri:0, instance:testng.calculator.CtgTest@7cef4e59]" name="testCtg" duration-ms="0" started-at="2017-06-04T16:27:07Z" data-provider="ctgDataProvider" finished-at="2017-06-04T16:27:07Z">
          <params>
            <param index="0">
              <value>
                <![CDATA[30.0]]>
              </value>
            </param>
            <param index="1">
              <value>
                <![CDATA[1.732]]>
              </value>
            </param>
          </params>
          <exception class="java.lang.AssertionError">
            <message>
              <![CDATA[expected [1.732] but found [1.0]]]>
            </message>
            <full-stacktrace>
              <![CDATA[java.lang.AssertionError: expected [1.732] but found [1.0]
	at org.testng.Assert.fail(Assert.java:93)
	at org.testng.Assert.failNotEquals(Assert.java:512)
	at org.testng.Assert.assertEqualsImpl(Assert.java:134)
	at org.testng.Assert.assertEquals(Assert.java:115)
	at org.testng.Assert.assertEquals(Assert.java:178)
	at testng.calculator.CtgTest.testCtg(CtgTest.java:14)
	at sun.reflect.NativeMethodAccessorImpl.invoke0(Native Method)
	at sun.reflect.NativeMethodAccessorImpl.invoke(NativeMethodAccessorImpl.java:62)
	at sun.reflect.DelegatingMethodAccessorImpl.invoke(DelegatingMethodAccessorImpl.java:43)
	at java.lang.reflect.Method.invoke(Method.java:498)
	at org.testng.internal.MethodInvocationHelper.invokeMethod(MethodInvocationHelper.java:108)
	at org.testng.internal.Invoker.invokeMethod(Invoker.java:661)
	at org.testng.internal.Invoker.invokeTestMethod(Invoker.java:869)
	at org.testng.internal.Invoker.invokeTestMethods(Invoker.java:1193)
	at org.testng.internal.TestMethodWorker.invokeTestMethods(TestMethodWorker.java:126)
	at org.testng.internal.TestMethodWorker.run(TestMethodWorker.java:109)
	at org.testng.TestRunner.privateRun(TestRunner.java:744)
	at org.testng.TestRunner.run(TestRunner.java:602)
	at org.testng.SuiteRunner.runTest(SuiteRunner.java:380)
	at org.testng.SuiteRunner.runSequentially(SuiteRunner.java:375)
	at org.testng.SuiteRunner.privateRun(SuiteRunner.java:340)
	at org.testng.SuiteRunner.run(SuiteRunner.java:289)
	at org.testng.SuiteRunnerWorker.runSuite(SuiteRunnerWorker.java:52)
	at org.testng.SuiteRunnerWorker.run(SuiteRunnerWorker.java:86)
	at org.testng.TestNG.runSuitesSequentially(TestNG.java:1301)
	at org.testng.TestNG.runSuitesSequentially(TestNG.java:1297)
	at org.testng.TestNG.runSuitesLocally(TestNG.java:1226)
	at org.testng.TestNG.runSuites(TestNG.java:1144)
	at org.testng.TestNG.run(TestNG.java:1115)
	at testng.runner.TestRunner.main(TestRunner.java:33)
	at sun.reflect.NativeMethodAccessorImpl.invoke0(Native Method)
	at sun.reflect.NativeMethodAccessorImpl.invoke(NativeMethodAccessorImpl.java:62)
	at sun.reflect.DelegatingMethodAccessorImpl.invoke(DelegatingMethodAccessorImpl.java:43)
	at java.lang.reflect.Method.invoke(Method.java:498)
	at com.intellij.rt.execution.application.AppMain.main(AppMain.java:147)
]]>
            </full-stacktrace>
          </exception> <!-- java.lang.AssertionError -->
          <reporter-output>
          </reporter-output>
        </test-method> <!-- testCtg -->
        <test-method status="FAIL" signature="testCtg(double, double)[pri:0, instance:testng.calculator.CtgTest@7cef4e59]" name="testCtg" duration-ms="1" started-at="2017-06-04T16:27:07Z" data-provider="ctgDataProvider" finished-at="2017-06-04T16:27:07Z">
          <params>
            <param index="0">
              <value>
                <![CDATA[90.0]]>
              </value>
            </param>
            <param index="1">
              <value>
                <![CDATA[0.0]]>
              </value>
            </param>
          </params>
          <exception class="java.lang.AssertionError">
            <message>
              <![CDATA[expected [0.0] but found [1.0]]]>
            </message>
            <full-stacktrace>
              <![CDATA[java.lang.AssertionError: expected [0.0] but found [1.0]
	at org.testng.Assert.fail(Assert.java:93)
	at org.testng.Assert.failNotEquals(Assert.java:512)
	at org.testng.Assert.assertEqualsImpl(Assert.java:134)
	at org.testng.Assert.assertEquals(Assert.java:115)
	at org.testng.Assert.assertEquals(Assert.java:178)
	at testng.calculator.CtgTest.testCtg(CtgTest.java:14)
	at sun.reflect.NativeMethodAccessorImpl.invoke0(Native Method)
	at sun.reflect.NativeMethodAccessorImpl.invoke(NativeMethodAccessorImpl.java:62)
	at sun.reflect.DelegatingMethodAccessorImpl.invoke(DelegatingMethodAccessorImpl.java:43)
	at java.lang.reflect.Method.invoke(Method.java:498)
	at org.testng.internal.MethodInvocationHelper.invokeMethod(MethodInvocationHelper.java:108)
	at org.testng.internal.Invoker.invokeMethod(Invoker.java:661)
	at org.testng.internal.Invoker.invokeTestMethod(Invoker.java:869)
	at org.testng.internal.Invoker.invokeTestMethods(Invoker.java:1193)
	at org.testng.internal.TestMethodWorker.invokeTestMethods(TestMethodWorker.java:126)
	at org.testng.internal.TestMethodWorker.run(TestMethodWorker.java:109)
	at org.testng.TestRunner.privateRun(TestRunner.java:744)
	at org.testng.TestRunner.run(TestRunner.java:602)
	at org.testng.SuiteRunner.runTest(SuiteRunner.java:380)
	at org.testng.SuiteRunner.runSequentially(SuiteRunner.java:375)
	at org.testng.SuiteRunner.privateRun(SuiteRunner.java:340)
	at org.testng.SuiteRunner.run(SuiteRunner.java:289)
	at org.testng.SuiteRunnerWorker.runSuite(SuiteRunnerWorker.java:52)
	at org.testng.SuiteRunnerWorker.run(SuiteRunnerWorker.java:86)
	at org.testng.TestNG.runSuitesSequentially(TestNG.java:1301)
	at org.testng.TestNG.runSuitesSequentially(TestNG.java:1297)
	at org.testng.TestNG.runSuitesLocally(TestNG.java:1226)
	at org.testng.TestNG.runSuites(TestNG.java:1144)
	at org.testng.TestNG.run(TestNG.java:1115)
	at testng.runner.TestRunner.main(TestRunner.java:33)
	at sun.reflect.NativeMethodAccessorImpl.invoke0(Native Method)
	at sun.reflect.NativeMethodAccessorImpl.invoke(NativeMethodAccessorImpl.java:62)
	at sun.reflect.DelegatingMethodAccessorImpl.invoke(DelegatingMethodAccessorImpl.java:43)
	at java.lang.reflect.Method.invoke(Method.java:498)
	at com.intellij.rt.execution.application.AppMain.main(AppMain.java:147)
]]>
            </full-stacktrace>
          </exception> <!-- java.lang.AssertionError -->
          <reporter-output>
          </reporter-output>
        </test-method> <!-- testCtg -->
        <test-method status="FAIL" signature="testCtg(double, double)[pri:0, instance:testng.calculator.CtgTest@7cef4e59]" name="testCtg" duration-ms="0" started-at="2017-06-04T16:27:07Z" data-provider="ctgDataProvider" finished-at="2017-06-04T16:27:07Z">
          <params>
            <param index="0">
              <value>
                <![CDATA[60.0]]>
              </value>
            </param>
            <param index="1">
              <value>
                <![CDATA[0.577]]>
              </value>
            </param>
          </params>
          <exception class="java.lang.AssertionError">
            <message>
              <![CDATA[expected [0.577] but found [1.0]]]>
            </message>
            <full-stacktrace>
              <![CDATA[java.lang.AssertionError: expected [0.577] but found [1.0]
	at org.testng.Assert.fail(Assert.java:93)
	at org.testng.Assert.failNotEquals(Assert.java:512)
	at org.testng.Assert.assertEqualsImpl(Assert.java:134)
	at org.testng.Assert.assertEquals(Assert.java:115)
	at org.testng.Assert.assertEquals(Assert.java:178)
	at testng.calculator.CtgTest.testCtg(CtgTest.java:14)
	at sun.reflect.NativeMethodAccessorImpl.invoke0(Native Method)
	at sun.reflect.NativeMethodAccessorImpl.invoke(NativeMethodAccessorImpl.java:62)
	at sun.reflect.DelegatingMethodAccessorImpl.invoke(DelegatingMethodAccessorImpl.java:43)
	at java.lang.reflect.Method.invoke(Method.java:498)
	at org.testng.internal.MethodInvocationHelper.invokeMethod(MethodInvocationHelper.java:108)
	at org.testng.internal.Invoker.invokeMethod(Invoker.java:661)
	at org.testng.internal.Invoker.invokeTestMethod(Invoker.java:869)
	at org.testng.internal.Invoker.invokeTestMethods(Invoker.java:1193)
	at org.testng.internal.TestMethodWorker.invokeTestMethods(TestMethodWorker.java:126)
	at org.testng.internal.TestMethodWorker.run(TestMethodWorker.java:109)
	at org.testng.TestRunner.privateRun(TestRunner.java:744)
	at org.testng.TestRunner.run(TestRunner.java:602)
	at org.testng.SuiteRunner.runTest(SuiteRunner.java:380)
	at org.testng.SuiteRunner.runSequentially(SuiteRunner.java:375)
	at org.testng.SuiteRunner.privateRun(SuiteRunner.java:340)
	at org.testng.SuiteRunner.run(SuiteRunner.java:289)
	at org.testng.SuiteRunnerWorker.runSuite(SuiteRunnerWorker.java:52)
	at org.testng.SuiteRunnerWorker.run(SuiteRunnerWorker.java:86)
	at org.testng.TestNG.runSuitesSequentially(TestNG.java:1301)
	at org.testng.TestNG.runSuitesSequentially(TestNG.java:1297)
	at org.testng.TestNG.runSuitesLocally(TestNG.java:1226)
	at org.testng.TestNG.runSuites(TestNG.java:1144)
	at org.testng.TestNG.run(TestNG.java:1115)
	at testng.runner.TestRunner.main(TestRunner.java:33)
	at sun.reflect.NativeMethodAccessorImpl.invoke0(Native Method)
	at sun.reflect.NativeMethodAccessorImpl.invoke(NativeMethodAccessorImpl.java:62)
	at sun.reflect.DelegatingMethodAccessorImpl.invoke(DelegatingMethodAccessorImpl.java:43)
	at java.lang.reflect.Method.invoke(Method.java:498)
	at com.intellij.rt.execution.application.AppMain.main(AppMain.java:147)
]]>
            </full-stacktrace>
          </exception> <!-- java.lang.AssertionError -->
          <reporter-output>
          </reporter-output>
        </test-method> <!-- testCtg -->
        <test-method status="PASS" signature="testCtg(double, double)[pri:0, instance:testng.calculator.CtgTest@7cef4e59]" name="testCtg" duration-ms="0" started-at="2017-06-04T16:27:07Z" data-provider="ctgDataProvider" finished-at="2017-06-04T16:27:07Z">
          <params>
            <param index="0">
              <value>
                <![CDATA[45.0]]>
              </value>
            </param>
            <param index="1">
              <value>
                <![CDATA[1.0]]>
              </value>
            </param>
          </params>
          <reporter-output>
          </reporter-output>
        </test-method> <!-- testCtg -->
      </class> <!-- testng.calculator.CtgTest -->
    </test> <!-- TrigonometryTest -->
    <test name="PosOrNegTest" duration-ms="0" started-at="2017-06-04T13:27:07Z" finished-at="2017-06-04T13:27:07Z">
      <class name="testng.calculator.IsPosititveTest">
        <test-method status="PASS" signature="testPositive(long, boolean)[pri:0, instance:testng.calculator.IsPosititveTest@27abe2cd]" name="testPositive" duration-ms="0" started-at="2017-06-04T16:27:07Z" data-provider="posDataProvider" finished-at="2017-06-04T16:27:07Z">
          <params>
            <param index="0">
              <value>
                <![CDATA[10]]>
              </value>
            </param>
            <param index="1">
              <value>
                <![CDATA[true]]>
              </value>
            </param>
          </params>
          <reporter-output>
          </reporter-output>
        </test-method> <!-- testPositive -->
        <test-method status="PASS" signature="testPositive(long, boolean)[pri:0, instance:testng.calculator.IsPosititveTest@27abe2cd]" name="testPositive" duration-ms="0" started-at="2017-06-04T16:27:07Z" data-provider="posDataProvider" finished-at="2017-06-04T16:27:07Z">
          <params>
            <param index="0">
              <value>
                <![CDATA[1]]>
              </value>
            </param>
            <param index="1">
              <value>
                <![CDATA[true]]>
              </value>
            </param>
          </params>
          <reporter-output>
          </reporter-output>
        </test-method> <!-- testPositive -->
        <test-method status="PASS" signature="testPositive(long, boolean)[pri:0, instance:testng.calculator.IsPosititveTest@27abe2cd]" name="testPositive" duration-ms="0" started-at="2017-06-04T16:27:07Z" data-provider="posDataProvider" finished-at="2017-06-04T16:27:07Z">
          <params>
            <param index="0">
              <value>
                <![CDATA[0]]>
              </value>
            </param>
            <param index="1">
              <value>
                <![CDATA[false]]>
              </value>
            </param>
          </params>
          <reporter-output>
          </reporter-output>
        </test-method> <!-- testPositive -->
        <test-method status="PASS" signature="setUp()[pri:0, instance:testng.calculator.IsPosititveTest@27abe2cd]" name="setUp" is-config="true" duration-ms="0" started-at="2017-06-04T16:27:07Z" finished-at="2017-06-04T16:27:07Z">
          <reporter-output>
          </reporter-output>
        </test-method> <!-- setUp -->
        <test-method status="PASS" signature="testPositive(long, boolean)[pri:0, instance:testng.calculator.IsPosititveTest@27abe2cd]" name="testPositive" duration-ms="0" started-at="2017-06-04T16:27:07Z" data-provider="posDataProvider" finished-at="2017-06-04T16:27:07Z">
          <params>
            <param index="0">
              <value>
                <![CDATA[2]]>
              </value>
            </param>
            <param index="1">
              <value>
                <![CDATA[true]]>
              </value>
            </param>
          </params>
          <reporter-output>
          </reporter-output>
        </test-method> <!-- testPositive -->
        <test-method status="PASS" signature="testPositive(long, boolean)[pri:0, instance:testng.calculator.IsPosititveTest@27abe2cd]" name="testPositive" duration-ms="0" started-at="2017-06-04T16:27:07Z" data-provider="posDataProvider" finished-at="2017-06-04T16:27:07Z">
          <params>
            <param index="0">
              <value>
                <![CDATA[-1]]>
              </value>
            </param>
            <param index="1">
              <value>
                <![CDATA[false]]>
              </value>
            </param>
          </params>
          <reporter-output>
          </reporter-output>
        </test-method> <!-- testPositive -->
      </class> <!-- testng.calculator.IsPosititveTest -->
      <class name="testng.calculator.IsNegativeTest">
        <test-method status="PASS" signature="testNegative(long, boolean)[pri:0, instance:testng.calculator.IsNegativeTest@3f102e87]" name="testNegative" duration-ms="0" started-at="2017-06-04T16:27:07Z" data-provider="negDataProvider" finished-at="2017-06-04T16:27:07Z">
          <params>
            <param index="0">
              <value>
                <![CDATA[10]]>
              </value>
            </param>
            <param index="1">
              <value>
                <![CDATA[false]]>
              </value>
            </param>
          </params>
          <reporter-output>
          </reporter-output>
        </test-method> <!-- testNegative -->
        <test-method status="PASS" signature="testNegative(long, boolean)[pri:0, instance:testng.calculator.IsNegativeTest@3f102e87]" name="testNegative" duration-ms="0" started-at="2017-06-04T16:27:07Z" data-provider="negDataProvider" finished-at="2017-06-04T16:27:07Z">
          <params>
            <param index="0">
              <value>
                <![CDATA[2]]>
              </value>
            </param>
            <param index="1">
              <value>
                <![CDATA[false]]>
              </value>
            </param>
          </params>
          <reporter-output>
          </reporter-output>
        </test-method> <!-- testNegative -->
        <test-method status="PASS" signature="testNegative(long, boolean)[pri:0, instance:testng.calculator.IsNegativeTest@3f102e87]" name="testNegative" duration-ms="0" started-at="2017-06-04T16:27:07Z" data-provider="negDataProvider" finished-at="2017-06-04T16:27:07Z">
          <params>
            <param index="0">
              <value>
                <![CDATA[0]]>
              </value>
            </param>
            <param index="1">
              <value>
                <![CDATA[false]]>
              </value>
            </param>
          </params>
          <reporter-output>
          </reporter-output>
        </test-method> <!-- testNegative -->
        <test-method status="PASS" signature="setUp()[pri:0, instance:testng.calculator.IsNegativeTest@3f102e87]" name="setUp" is-config="true" duration-ms="0" started-at="2017-06-04T16:27:07Z" finished-at="2017-06-04T16:27:07Z">
          <reporter-output>
          </reporter-output>
        </test-method> <!-- setUp -->
        <test-method status="PASS" signature="testNegative(long, boolean)[pri:0, instance:testng.calculator.IsNegativeTest@3f102e87]" name="testNegative" duration-ms="0" started-at="2017-06-04T16:27:07Z" data-provider="negDataProvider" finished-at="2017-06-04T16:27:07Z">
          <params>
            <param index="0">
              <value>
                <![CDATA[1]]>
              </value>
            </param>
            <param index="1">
              <value>
                <![CDATA[false]]>
              </value>
            </param>
          </params>
          <reporter-output>
          </reporter-output>
        </test-method> <!-- testNegative -->
        <test-method status="PASS" signature="testNegative(long, boolean)[pri:0, instance:testng.calculator.IsNegativeTest@3f102e87]" name="testNegative" duration-ms="0" started-at="2017-06-04T16:27:07Z" data-provider="negDataProvider" finished-at="2017-06-04T16:27:07Z">
          <params>
            <param index="0">
              <value>
                <![CDATA[-1]]>
              </value>
            </param>
            <param index="1">
              <value>
                <![CDATA[true]]>
              </value>
            </param>
          </params>
          <reporter-output>
          </reporter-output>
        </test-method> <!-- testNegative -->
      </class> <!-- testng.calculator.IsNegativeTest -->
    </test> <!-- PosOrNegTest -->
    <test name="MainFunctionsTest" duration-ms="31" started-at="2017-06-04T13:27:07Z" finished-at="2017-06-04T13:27:07Z">
      <class name="testng.calculator.DivLongTest">
        <test-method status="PASS" signature="testDivLong(long, long, long)[pri:0, instance:testng.calculator.DivLongTest@7bfcd12c]" name="testDivLong" duration-ms="0" started-at="2017-06-04T16:27:07Z" data-provider="divDataProvider" finished-at="2017-06-04T16:27:07Z">
          <params>
            <param index="0">
              <value>
                <![CDATA[2]]>
              </value>
            </param>
            <param index="1">
              <value>
                <![CDATA[-1]]>
              </value>
            </param>
            <param index="2">
              <value>
                <![CDATA[-2]]>
              </value>
            </param>
          </params>
          <reporter-output>
          </reporter-output>
        </test-method> <!-- testDivLong -->
        <test-method status="PASS" signature="testDivLong(long, long, long)[pri:0, instance:testng.calculator.DivLongTest@7bfcd12c]" name="testDivLong" duration-ms="0" started-at="2017-06-04T16:27:07Z" data-provider="divDataProvider" finished-at="2017-06-04T16:27:07Z">
          <params>
            <param index="0">
              <value>
                <![CDATA[-8]]>
              </value>
            </param>
            <param index="1">
              <value>
                <![CDATA[4]]>
              </value>
            </param>
            <param index="2">
              <value>
                <![CDATA[-2]]>
              </value>
            </param>
          </params>
          <reporter-output>
          </reporter-output>
        </test-method> <!-- testDivLong -->
        <test-method status="PASS" signature="testDivLong(long, long, long)[pri:0, instance:testng.calculator.DivLongTest@7bfcd12c]" name="testDivLong" duration-ms="0" started-at="2017-06-04T16:27:07Z" data-provider="divDataProvider" finished-at="2017-06-04T16:27:07Z">
          <params>
            <param index="0">
              <value>
                <![CDATA[2000]]>
              </value>
            </param>
            <param index="1">
              <value>
                <![CDATA[1000]]>
              </value>
            </param>
            <param index="2">
              <value>
                <![CDATA[2]]>
              </value>
            </param>
          </params>
          <reporter-output>
          </reporter-output>
        </test-method> <!-- testDivLong -->
        <test-method status="PASS" signature="testDivLong(long, long, long)[pri:0, instance:testng.calculator.DivLongTest@7bfcd12c]" name="testDivLong" duration-ms="0" started-at="2017-06-04T16:27:07Z" data-provider="divDataProvider" finished-at="2017-06-04T16:27:07Z">
          <params>
            <param index="0">
              <value>
                <![CDATA[20]]>
              </value>
            </param>
            <param index="1">
              <value>
                <![CDATA[2]]>
              </value>
            </param>
            <param index="2">
              <value>
                <![CDATA[10]]>
              </value>
            </param>
          </params>
          <reporter-output>
          </reporter-output>
        </test-method> <!-- testDivLong -->
        <test-method status="PASS" signature="divByZero()[pri:0, instance:testng.calculator.DivLongTest@7bfcd12c]" name="divByZero" duration-ms="0" started-at="2017-06-04T16:27:07Z" finished-at="2017-06-04T16:27:07Z">
          <exception class="java.lang.NumberFormatException">
            <message>
              <![CDATA[Attempt to divide by zero]]>
            </message>
            <full-stacktrace>
              <![CDATA[java.lang.NumberFormatException: Attempt to divide by zero
	at com.epam.tat.module4.Calculator.div(Calculator.java:34)
	at testng.calculator.DivLongTest.divByZero(DivLongTest.java:19)
	at sun.reflect.NativeMethodAccessorImpl.invoke0(Native Method)
	at sun.reflect.NativeMethodAccessorImpl.invoke(NativeMethodAccessorImpl.java:62)
	at sun.reflect.DelegatingMethodAccessorImpl.invoke(DelegatingMethodAccessorImpl.java:43)
	at java.lang.reflect.Method.invoke(Method.java:498)
	at org.testng.internal.MethodInvocationHelper.invokeMethod(MethodInvocationHelper.java:108)
	at org.testng.internal.Invoker.invokeMethod(Invoker.java:661)
	at org.testng.internal.Invoker.invokeTestMethod(Invoker.java:869)
	at org.testng.internal.Invoker.invokeTestMethods(Invoker.java:1193)
	at org.testng.internal.TestMethodWorker.invokeTestMethods(TestMethodWorker.java:126)
	at org.testng.internal.TestMethodWorker.run(TestMethodWorker.java:109)
	at org.testng.TestRunner.privateRun(TestRunner.java:744)
	at org.testng.TestRunner.run(TestRunner.java:602)
	at org.testng.SuiteRunner.runTest(SuiteRunner.java:380)
	at org.testng.SuiteRunner.runSequentially(SuiteRunner.java:375)
	at org.testng.SuiteRunner.privateRun(SuiteRunner.java:340)
	at org.testng.SuiteRunner.run(SuiteRunner.java:289)
	at org.testng.SuiteRunnerWorker.runSuite(SuiteRunnerWorker.java:52)
	at org.testng.SuiteRunnerWorker.run(SuiteRunnerWorker.java:86)
	at org.testng.TestNG.runSuitesSequentially(TestNG.java:1301)
	at org.testng.TestNG.runSuitesSequentially(TestNG.java:1297)
	at org.testng.TestNG.runSuitesLocally(TestNG.java:1226)
	at org.testng.TestNG.runSuites(TestNG.java:1144)
	at org.testng.TestNG.run(TestNG.java:1115)
	at testng.runner.TestRunner.main(TestRunner.java:33)
	at sun.reflect.NativeMethodAccessorImpl.invoke0(Native Method)
	at sun.reflect.NativeMethodAccessorImpl.invoke(NativeMethodAccessorImpl.java:62)
	at sun.reflect.DelegatingMethodAccessorImpl.invoke(DelegatingMethodAccessorImpl.java:43)
	at java.lang.reflect.Method.invoke(Method.java:498)
	at com.intellij.rt.execution.application.AppMain.main(AppMain.java:147)
]]>
            </full-stacktrace>
          </exception> <!-- java.lang.NumberFormatException -->
          <reporter-output>
          </reporter-output>
        </test-method> <!-- divByZero -->
        <test-method status="PASS" signature="setUp()[pri:0, instance:testng.calculator.DivLongTest@7bfcd12c]" name="setUp" is-config="true" duration-ms="0" started-at="2017-06-04T16:27:07Z" finished-at="2017-06-04T16:27:07Z">
          <reporter-output>
          </reporter-output>
        </test-method> <!-- setUp -->
        <test-method status="PASS" signature="testDivLong(long, long, long)[pri:0, instance:testng.calculator.DivLongTest@7bfcd12c]" name="testDivLong" duration-ms="0" started-at="2017-06-04T16:27:07Z" data-provider="divDataProvider" finished-at="2017-06-04T16:27:07Z">
          <params>
            <param index="0">
              <value>
                <![CDATA[-4]]>
              </value>
            </param>
            <param index="1">
              <value>
                <![CDATA[-2]]>
              </value>
            </param>
            <param index="2">
              <value>
                <![CDATA[2]]>
              </value>
            </param>
          </params>
          <reporter-output>
          </reporter-output>
        </test-method> <!-- testDivLong -->
      </class> <!-- testng.calculator.DivLongTest -->
      <class name="testng.calculator.SubLongTest">
        <test-method status="PASS" signature="testSubLong(long, long, long)[pri:0, instance:testng.calculator.SubLongTest@5479e3f]" name="testSubLong" duration-ms="0" started-at="2017-06-04T16:27:07Z" data-provider="subDataProvider" finished-at="2017-06-04T16:27:07Z">
          <params>
            <param index="0">
              <value>
                <![CDATA[-1]]>
              </value>
            </param>
            <param index="1">
              <value>
                <![CDATA[-2]]>
              </value>
            </param>
            <param index="2">
              <value>
                <![CDATA[1]]>
              </value>
            </param>
          </params>
          <reporter-output>
          </reporter-output>
        </test-method> <!-- testSubLong -->
        <test-method status="PASS" signature="testSubLong(long, long, long)[pri:0, instance:testng.calculator.SubLongTest@5479e3f]" name="testSubLong" duration-ms="0" started-at="2017-06-04T16:27:07Z" data-provider="subDataProvider" finished-at="2017-06-04T16:27:07Z">
          <params>
            <param index="0">
              <value>
                <![CDATA[2]]>
              </value>
            </param>
            <param index="1">
              <value>
                <![CDATA[1]]>
              </value>
            </param>
            <param index="2">
              <value>
                <![CDATA[1]]>
              </value>
            </param>
          </params>
          <reporter-output>
          </reporter-output>
        </test-method> <!-- testSubLong -->
        <test-method status="PASS" signature="testSubLong(long, long, long)[pri:0, instance:testng.calculator.SubLongTest@5479e3f]" name="testSubLong" duration-ms="0" started-at="2017-06-04T16:27:07Z" data-provider="subDataProvider" finished-at="2017-06-04T16:27:07Z">
          <params>
            <param index="0">
              <value>
                <![CDATA[2]]>
              </value>
            </param>
            <param index="1">
              <value>
                <![CDATA[-1]]>
              </value>
            </param>
            <param index="2">
              <value>
                <![CDATA[3]]>
              </value>
            </param>
          </params>
          <reporter-output>
          </reporter-output>
        </test-method> <!-- testSubLong -->
        <test-method status="PASS" signature="setUp()[pri:0, instance:testng.calculator.SubLongTest@5479e3f]" name="setUp" is-config="true" duration-ms="0" started-at="2017-06-04T16:27:07Z" finished-at="2017-06-04T16:27:07Z">
          <reporter-output>
          </reporter-output>
        </test-method> <!-- setUp -->
        <test-method status="PASS" signature="testSubLong(long, long, long)[pri:0, instance:testng.calculator.SubLongTest@5479e3f]" name="testSubLong" duration-ms="0" started-at="2017-06-04T16:27:07Z" data-provider="subDataProvider" finished-at="2017-06-04T16:27:07Z">
          <params>
            <param index="0">
              <value>
                <![CDATA[1500]]>
              </value>
            </param>
            <param index="1">
              <value>
                <![CDATA[2500]]>
              </value>
            </param>
            <param index="2">
              <value>
                <![CDATA[-1000]]>
              </value>
            </param>
          </params>
          <reporter-output>
          </reporter-output>
        </test-method> <!-- testSubLong -->
        <test-method status="PASS" signature="testSubLong(long, long, long)[pri:0, instance:testng.calculator.SubLongTest@5479e3f]" name="testSubLong" duration-ms="0" started-at="2017-06-04T16:27:07Z" data-provider="subDataProvider" finished-at="2017-06-04T16:27:07Z">
          <params>
            <param index="0">
              <value>
                <![CDATA[20]]>
              </value>
            </param>
            <param index="1">
              <value>
                <![CDATA[15]]>
              </value>
            </param>
            <param index="2">
              <value>
                <![CDATA[5]]>
              </value>
            </param>
          </params>
          <reporter-output>
          </reporter-output>
        </test-method> <!-- testSubLong -->
        <test-method status="PASS" signature="testSubLong(long, long, long)[pri:0, instance:testng.calculator.SubLongTest@5479e3f]" name="testSubLong" duration-ms="0" started-at="2017-06-04T16:27:07Z" data-provider="subDataProvider" finished-at="2017-06-04T16:27:07Z">
          <params>
            <param index="0">
              <value>
                <![CDATA[0]]>
              </value>
            </param>
            <param index="1">
              <value>
                <![CDATA[0]]>
              </value>
            </param>
            <param index="2">
              <value>
                <![CDATA[0]]>
              </value>
            </param>
          </params>
          <reporter-output>
          </reporter-output>
        </test-method> <!-- testSubLong -->
      </class> <!-- testng.calculator.SubLongTest -->
      <class name="testng.calculator.SubDoubleTest">
        <test-method status="PASS" signature="testSubDouble(double, double, double)[pri:0, instance:testng.calculator.SubDoubleTest@27082746]" name="testSubDouble" duration-ms="0" started-at="2017-06-04T16:27:07Z" data-provider="subDataProvider" finished-at="2017-06-04T16:27:07Z">
          <params>
            <param index="0">
              <value>
                <![CDATA[2.0]]>
              </value>
            </param>
            <param index="1">
              <value>
                <![CDATA[1.0]]>
              </value>
            </param>
            <param index="2">
              <value>
                <![CDATA[1.0]]>
              </value>
            </param>
          </params>
          <reporter-output>
          </reporter-output>
        </test-method> <!-- testSubDouble -->
        <test-method status="PASS" signature="testSubDouble(double, double, double)[pri:0, instance:testng.calculator.SubDoubleTest@27082746]" name="testSubDouble" duration-ms="0" started-at="2017-06-04T16:27:07Z" data-provider="subDataProvider" finished-at="2017-06-04T16:27:07Z">
          <params>
            <param index="0">
              <value>
                <![CDATA[0.0]]>
              </value>
            </param>
            <param index="1">
              <value>
                <![CDATA[0.0]]>
              </value>
            </param>
            <param index="2">
              <value>
                <![CDATA[0.0]]>
              </value>
            </param>
          </params>
          <reporter-output>
          </reporter-output>
        </test-method> <!-- testSubDouble -->
        <test-method status="PASS" signature="testSubDouble(double, double, double)[pri:0, instance:testng.calculator.SubDoubleTest@27082746]" name="testSubDouble" duration-ms="0" started-at="2017-06-04T16:27:07Z" data-provider="subDataProvider" finished-at="2017-06-04T16:27:07Z">
          <params>
            <param index="0">
              <value>
                <![CDATA[-1.1]]>
              </value>
            </param>
            <param index="1">
              <value>
                <![CDATA[-1.1]]>
              </value>
            </param>
            <param index="2">
              <value>
                <![CDATA[0.0]]>
              </value>
            </param>
          </params>
          <reporter-output>
          </reporter-output>
        </test-method> <!-- testSubDouble -->
        <test-method status="PASS" signature="testSubDouble(double, double, double)[pri:0, instance:testng.calculator.SubDoubleTest@27082746]" name="testSubDouble" duration-ms="0" started-at="2017-06-04T16:27:07Z" data-provider="subDataProvider" finished-at="2017-06-04T16:27:07Z">
          <params>
            <param index="0">
              <value>
                <![CDATA[20.0]]>
              </value>
            </param>
            <param index="1">
              <value>
                <![CDATA[1.5]]>
              </value>
            </param>
            <param index="2">
              <value>
                <![CDATA[18.5]]>
              </value>
            </param>
          </params>
          <reporter-output>
          </reporter-output>
        </test-method> <!-- testSubDouble -->
        <test-method status="FAIL" signature="testSubDouble(double, double, double)[pri:0, instance:testng.calculator.SubDoubleTest@27082746]" name="testSubDouble" duration-ms="0" started-at="2017-06-04T16:27:07Z" data-provider="subDataProvider" finished-at="2017-06-04T16:27:07Z">
          <params>
            <param index="0">
              <value>
                <![CDATA[1.5555]]>
              </value>
            </param>
            <param index="1">
              <value>
                <![CDATA[1.0]]>
              </value>
            </param>
            <param index="2">
              <value>
                <![CDATA[0.5555]]>
              </value>
            </param>
          </params>
          <exception class="java.lang.AssertionError">
            <message>
              <![CDATA[expected [0.5555] but found [0.5555000000000001]]]>
            </message>
            <full-stacktrace>
              <![CDATA[java.lang.AssertionError: expected [0.5555] but found [0.5555000000000001]
	at org.testng.Assert.fail(Assert.java:93)
	at org.testng.Assert.failNotEquals(Assert.java:512)
	at org.testng.Assert.assertEqualsImpl(Assert.java:134)
	at org.testng.Assert.assertEquals(Assert.java:115)
	at org.testng.Assert.assertEquals(Assert.java:178)
	at testng.calculator.SubDoubleTest.testSubDouble(SubDoubleTest.java:14)
	at sun.reflect.NativeMethodAccessorImpl.invoke0(Native Method)
	at sun.reflect.NativeMethodAccessorImpl.invoke(NativeMethodAccessorImpl.java:62)
	at sun.reflect.DelegatingMethodAccessorImpl.invoke(DelegatingMethodAccessorImpl.java:43)
	at java.lang.reflect.Method.invoke(Method.java:498)
	at org.testng.internal.MethodInvocationHelper.invokeMethod(MethodInvocationHelper.java:108)
	at org.testng.internal.Invoker.invokeMethod(Invoker.java:661)
	at org.testng.internal.Invoker.invokeTestMethod(Invoker.java:869)
	at org.testng.internal.Invoker.invokeTestMethods(Invoker.java:1193)
	at org.testng.internal.TestMethodWorker.invokeTestMethods(TestMethodWorker.java:126)
	at org.testng.internal.TestMethodWorker.run(TestMethodWorker.java:109)
	at org.testng.TestRunner.privateRun(TestRunner.java:744)
	at org.testng.TestRunner.run(TestRunner.java:602)
	at org.testng.SuiteRunner.runTest(SuiteRunner.java:380)
	at org.testng.SuiteRunner.runSequentially(SuiteRunner.java:375)
	at org.testng.SuiteRunner.privateRun(SuiteRunner.java:340)
	at org.testng.SuiteRunner.run(SuiteRunner.java:289)
	at org.testng.SuiteRunnerWorker.runSuite(SuiteRunnerWorker.java:52)
	at org.testng.SuiteRunnerWorker.run(SuiteRunnerWorker.java:86)
	at org.testng.TestNG.runSuitesSequentially(TestNG.java:1301)
	at org.testng.TestNG.runSuitesSequentially(TestNG.java:1297)
	at org.testng.TestNG.runSuitesLocally(TestNG.java:1226)
	at org.testng.TestNG.runSuites(TestNG.java:1144)
	at org.testng.TestNG.run(TestNG.java:1115)
	at testng.runner.TestRunner.main(TestRunner.java:33)
	at sun.reflect.NativeMethodAccessorImpl.invoke0(Native Method)
	at sun.reflect.NativeMethodAccessorImpl.invoke(NativeMethodAccessorImpl.java:62)
	at sun.reflect.DelegatingMethodAccessorImpl.invoke(DelegatingMethodAccessorImpl.java:43)
	at java.lang.reflect.Method.invoke(Method.java:498)
	at com.intellij.rt.execution.application.AppMain.main(AppMain.java:147)
]]>
            </full-stacktrace>
          </exception> <!-- java.lang.AssertionError -->
          <reporter-output>
          </reporter-output>
        </test-method> <!-- testSubDouble -->
        <test-method status="PASS" signature="testSubDouble(double, double, double)[pri:0, instance:testng.calculator.SubDoubleTest@27082746]" name="testSubDouble" duration-ms="0" started-at="2017-06-04T16:27:07Z" data-provider="subDataProvider" finished-at="2017-06-04T16:27:07Z">
          <params>
            <param index="0">
              <value>
                <![CDATA[2.1]]>
              </value>
            </param>
            <param index="1">
              <value>
                <![CDATA[-1.1]]>
              </value>
            </param>
            <param index="2">
              <value>
                <![CDATA[3.2]]>
              </value>
            </param>
          </params>
          <reporter-output>
          </reporter-output>
        </test-method> <!-- testSubDouble -->
        <test-method status="PASS" signature="setUp()[pri:0, instance:testng.calculator.SubDoubleTest@27082746]" name="setUp" is-config="true" duration-ms="0" started-at="2017-06-04T16:27:07Z" finished-at="2017-06-04T16:27:07Z">
          <reporter-output>
          </reporter-output>
        </test-method> <!-- setUp -->
      </class> <!-- testng.calculator.SubDoubleTest -->
      <class name="testng.calculator.SumLongTest">
        <test-method status="PASS" signature="setUp()[pri:0, instance:testng.calculator.SumLongTest@7d4793a8]" name="setUp" is-config="true" duration-ms="0" started-at="2017-06-04T16:27:07Z" finished-at="2017-06-04T16:27:07Z">
          <reporter-output>
          </reporter-output>
        </test-method> <!-- setUp -->
        <test-method status="PASS" signature="testSum(long, long, long)[pri:0, instance:testng.calculator.SumLongTest@7d4793a8]" name="testSum" duration-ms="0" started-at="2017-06-04T16:27:07Z" data-provider="sumDataProvider" finished-at="2017-06-04T16:27:07Z">
          <params>
            <param index="0">
              <value>
                <![CDATA[2]]>
              </value>
            </param>
            <param index="1">
              <value>
                <![CDATA[2]]>
              </value>
            </param>
            <param index="2">
              <value>
                <![CDATA[4]]>
              </value>
            </param>
          </params>
          <reporter-output>
          </reporter-output>
        </test-method> <!-- testSum -->
        <test-method status="PASS" signature="testSum(long, long, long)[pri:0, instance:testng.calculator.SumLongTest@7d4793a8]" name="testSum" duration-ms="0" started-at="2017-06-04T16:27:07Z" data-provider="sumDataProvider" finished-at="2017-06-04T16:27:07Z">
          <params>
            <param index="0">
              <value>
                <![CDATA[1]]>
              </value>
            </param>
            <param index="1">
              <value>
                <![CDATA[1]]>
              </value>
            </param>
            <param index="2">
              <value>
                <![CDATA[2]]>
              </value>
            </param>
          </params>
          <reporter-output>
          </reporter-output>
        </test-method> <!-- testSum -->
        <test-method status="PASS" signature="testSum(long, long, long)[pri:0, instance:testng.calculator.SumLongTest@7d4793a8]" name="testSum" duration-ms="0" started-at="2017-06-04T16:27:07Z" data-provider="sumDataProvider" finished-at="2017-06-04T16:27:07Z">
          <params>
            <param index="0">
              <value>
                <![CDATA[5000]]>
              </value>
            </param>
            <param index="1">
              <value>
                <![CDATA[5000]]>
              </value>
            </param>
            <param index="2">
              <value>
                <![CDATA[10000]]>
              </value>
            </param>
          </params>
          <reporter-output>
          </reporter-output>
        </test-method> <!-- testSum -->
        <test-method status="PASS" signature="testSum(long, long, long)[pri:0, instance:testng.calculator.SumLongTest@7d4793a8]" name="testSum" duration-ms="0" started-at="2017-06-04T16:27:07Z" data-provider="sumDataProvider" finished-at="2017-06-04T16:27:07Z">
          <params>
            <param index="0">
              <value>
                <![CDATA[-5]]>
              </value>
            </param>
            <param index="1">
              <value>
                <![CDATA[2]]>
              </value>
            </param>
            <param index="2">
              <value>
                <![CDATA[-3]]>
              </value>
            </param>
          </params>
          <reporter-output>
          </reporter-output>
        </test-method> <!-- testSum -->
        <test-method status="PASS" signature="testSum(long, long, long)[pri:0, instance:testng.calculator.SumLongTest@7d4793a8]" name="testSum" duration-ms="0" started-at="2017-06-04T16:27:07Z" data-provider="sumDataProvider" finished-at="2017-06-04T16:27:07Z">
          <params>
            <param index="0">
              <value>
                <![CDATA[2]]>
              </value>
            </param>
            <param index="1">
              <value>
                <![CDATA[-1]]>
              </value>
            </param>
            <param index="2">
              <value>
                <![CDATA[1]]>
              </value>
            </param>
          </params>
          <reporter-output>
          </reporter-output>
        </test-method> <!-- testSum -->
        <test-method status="PASS" signature="testSum(long, long, long)[pri:0, instance:testng.calculator.SumLongTest@7d4793a8]" name="testSum" duration-ms="0" started-at="2017-06-04T16:27:07Z" data-provider="sumDataProvider" finished-at="2017-06-04T16:27:07Z">
          <params>
            <param index="0">
              <value>
                <![CDATA[0]]>
              </value>
            </param>
            <param index="1">
              <value>
                <![CDATA[0]]>
              </value>
            </param>
            <param index="2">
              <value>
                <![CDATA[0]]>
              </value>
            </param>
          </params>
          <reporter-output>
          </reporter-output>
        </test-method> <!-- testSum -->
        <test-method status="PASS" signature="testSumString()[pri:0, instance:testng.calculator.SumLongTest@7d4793a8]" name="testSumString" duration-ms="0" started-at="2017-06-04T16:27:07Z" finished-at="2017-06-04T16:27:07Z">
          <reporter-output>
          </reporter-output>
        </test-method> <!-- testSumString -->
        <test-method status="PASS" signature="testSum(long, long, long)[pri:0, instance:testng.calculator.SumLongTest@7d4793a8]" name="testSum" duration-ms="0" started-at="2017-06-04T16:27:07Z" data-provider="sumDataProvider" finished-at="2017-06-04T16:27:07Z">
          <params>
            <param index="0">
              <value>
                <![CDATA[-1]]>
              </value>
            </param>
            <param index="1">
              <value>
                <![CDATA[-1]]>
              </value>
            </param>
            <param index="2">
              <value>
                <![CDATA[-2]]>
              </value>
            </param>
          </params>
          <reporter-output>
          </reporter-output>
        </test-method> <!-- testSum -->
      </class> <!-- testng.calculator.SumLongTest -->
      <class name="testng.calculator.MultDoubleTest">
        <test-method status="PASS" signature="testMultDouble(double, double, double)[pri:0, instance:testng.calculator.MultDoubleTest@42f30e0a]" name="testMultDouble" duration-ms="0" started-at="2017-06-04T16:27:07Z" data-provider="multDataProvider" finished-at="2017-06-04T16:27:07Z">
          <params>
            <param index="0">
              <value>
                <![CDATA[0.0]]>
              </value>
            </param>
            <param index="1">
              <value>
                <![CDATA[0.0]]>
              </value>
            </param>
            <param index="2">
              <value>
                <![CDATA[0.0]]>
              </value>
            </param>
          </params>
          <reporter-output>
          </reporter-output>
        </test-method> <!-- testMultDouble -->
        <test-method status="FAIL" signature="testMultDouble(double, double, double)[pri:0, instance:testng.calculator.MultDoubleTest@42f30e0a]" name="testMultDouble" duration-ms="0" started-at="2017-06-04T16:27:07Z" data-provider="multDataProvider" finished-at="2017-06-04T16:27:07Z">
          <params>
            <param index="0">
              <value>
                <![CDATA[-1.1]]>
              </value>
            </param>
            <param index="1">
              <value>
                <![CDATA[-1.1]]>
              </value>
            </param>
            <param index="2">
              <value>
                <![CDATA[1.21]]>
              </value>
            </param>
          </params>
          <exception class="java.lang.AssertionError">
            <message>
              <![CDATA[expected [1.21] but found [1.0]]]>
            </message>
            <full-stacktrace>
              <![CDATA[java.lang.AssertionError: expected [1.21] but found [1.0]
	at org.testng.Assert.fail(Assert.java:93)
	at org.testng.Assert.failNotEquals(Assert.java:512)
	at org.testng.Assert.assertEqualsImpl(Assert.java:134)
	at org.testng.Assert.assertEquals(Assert.java:115)
	at org.testng.Assert.assertEquals(Assert.java:178)
	at testng.calculator.MultDoubleTest.testMultDouble(MultDoubleTest.java:14)
	at sun.reflect.NativeMethodAccessorImpl.invoke0(Native Method)
	at sun.reflect.NativeMethodAccessorImpl.invoke(NativeMethodAccessorImpl.java:62)
	at sun.reflect.DelegatingMethodAccessorImpl.invoke(DelegatingMethodAccessorImpl.java:43)
	at java.lang.reflect.Method.invoke(Method.java:498)
	at org.testng.internal.MethodInvocationHelper.invokeMethod(MethodInvocationHelper.java:108)
	at org.testng.internal.Invoker.invokeMethod(Invoker.java:661)
	at org.testng.internal.Invoker.invokeTestMethod(Invoker.java:869)
	at org.testng.internal.Invoker.invokeTestMethods(Invoker.java:1193)
	at org.testng.internal.TestMethodWorker.invokeTestMethods(TestMethodWorker.java:126)
	at org.testng.internal.TestMethodWorker.run(TestMethodWorker.java:109)
	at org.testng.TestRunner.privateRun(TestRunner.java:744)
	at org.testng.TestRunner.run(TestRunner.java:602)
	at org.testng.SuiteRunner.runTest(SuiteRunner.java:380)
	at org.testng.SuiteRunner.runSequentially(SuiteRunner.java:375)
	at org.testng.SuiteRunner.privateRun(SuiteRunner.java:340)
	at org.testng.SuiteRunner.run(SuiteRunner.java:289)
	at org.testng.SuiteRunnerWorker.runSuite(SuiteRunnerWorker.java:52)
	at org.testng.SuiteRunnerWorker.run(SuiteRunnerWorker.java:86)
	at org.testng.TestNG.runSuitesSequentially(TestNG.java:1301)
	at org.testng.TestNG.runSuitesSequentially(TestNG.java:1297)
	at org.testng.TestNG.runSuitesLocally(TestNG.java:1226)
	at org.testng.TestNG.runSuites(TestNG.java:1144)
	at org.testng.TestNG.run(TestNG.java:1115)
	at testng.runner.TestRunner.main(TestRunner.java:33)
	at sun.reflect.NativeMethodAccessorImpl.invoke0(Native Method)
	at sun.reflect.NativeMethodAccessorImpl.invoke(NativeMethodAccessorImpl.java:62)
	at sun.reflect.DelegatingMethodAccessorImpl.invoke(DelegatingMethodAccessorImpl.java:43)
	at java.lang.reflect.Method.invoke(Method.java:498)
	at com.intellij.rt.execution.application.AppMain.main(AppMain.java:147)
]]>
            </full-stacktrace>
          </exception> <!-- java.lang.AssertionError -->
          <reporter-output>
          </reporter-output>
        </test-method> <!-- testMultDouble -->
        <test-method status="PASS" signature="setUp()[pri:0, instance:testng.calculator.MultDoubleTest@42f30e0a]" name="setUp" is-config="true" duration-ms="0" started-at="2017-06-04T16:27:07Z" finished-at="2017-06-04T16:27:07Z">
          <reporter-output>
          </reporter-output>
        </test-method> <!-- setUp -->
        <test-method status="FAIL" signature="testMultDouble(double, double, double)[pri:0, instance:testng.calculator.MultDoubleTest@42f30e0a]" name="testMultDouble" duration-ms="16" started-at="2017-06-04T16:27:07Z" data-provider="multDataProvider" finished-at="2017-06-04T16:27:07Z">
          <params>
            <param index="0">
              <value>
                <![CDATA[1.555]]>
              </value>
            </param>
            <param index="1">
              <value>
                <![CDATA[1.0]]>
              </value>
            </param>
            <param index="2">
              <value>
                <![CDATA[1.555]]>
              </value>
            </param>
          </params>
          <exception class="java.lang.AssertionError">
            <message>
              <![CDATA[expected [1.555] but found [1.0]]]>
            </message>
            <full-stacktrace>
              <![CDATA[java.lang.AssertionError: expected [1.555] but found [1.0]
	at org.testng.Assert.fail(Assert.java:93)
	at org.testng.Assert.failNotEquals(Assert.java:512)
	at org.testng.Assert.assertEqualsImpl(Assert.java:134)
	at org.testng.Assert.assertEquals(Assert.java:115)
	at org.testng.Assert.assertEquals(Assert.java:178)
	at testng.calculator.MultDoubleTest.testMultDouble(MultDoubleTest.java:14)
	at sun.reflect.NativeMethodAccessorImpl.invoke0(Native Method)
	at sun.reflect.NativeMethodAccessorImpl.invoke(NativeMethodAccessorImpl.java:62)
	at sun.reflect.DelegatingMethodAccessorImpl.invoke(DelegatingMethodAccessorImpl.java:43)
	at java.lang.reflect.Method.invoke(Method.java:498)
	at org.testng.internal.MethodInvocationHelper.invokeMethod(MethodInvocationHelper.java:108)
	at org.testng.internal.Invoker.invokeMethod(Invoker.java:661)
[...]
	at org.testng.internal.ExpectedExceptionsHolder.noException(ExpectedExceptionsHolder.java:89)
	at org.testng.internal.Invoker.handleInvocationResults(Invoker.java:1416)
	at org.testng.internal.Invoker.invokeMethod(Invoker.java:695)
	at org.testng.internal.Invoker.invokeTestMethod(Invoker.java:869)
	at org.testng.internal.Invoker.invokeTestMethods(Invoker.java:1193)
	at org.testng.internal.TestMethodWorker.invokeTestMethods(TestMethodWorker.java:126)
	at org.testng.internal.TestMethodWorker.run(TestMethodWorker.java:109)
	at org.testng.TestRunner.privateRun(TestRunner.java:744)
	at org.testng.TestRunner.run(TestRunner.java:602)
	at org.testng.SuiteRunner.runTest(SuiteRunner.java:380)
	at org.testng.SuiteRunner.runSequentially(SuiteRunner.java:375)
	at org.testng.SuiteRunner.privateRun(SuiteRunner.java:340)
	at org.testng.SuiteRunner.run(SuiteRunner.java:289)
	at org.testng.SuiteRunnerWorker.runSuite(SuiteRunnerWorker.java:52)
	at org.testng.SuiteRunnerWorker.run(SuiteRunnerWorker.java:86)
	at org.testng.TestNG.runSuitesSequentially(TestNG.java:1301)
	at org.testng.TestNG.runSuitesSequentially(TestNG.java:1297)
	at org.testng.TestNG.runSuitesLocally(TestNG.java:1226)
	at org.testng.TestNG.runSuites(TestNG.java:1144)
	at org.testng.TestNG.run(TestNG.java:1115)
	at testng.runner.TestRunner.main(TestRunner.java:33)
	at sun.reflect.NativeMethodAccessorImpl.invoke0(Native Method)
	at sun.reflect.NativeMethodAccessorImpl.invoke(NativeMethodAccessorImpl.java:62)
	at sun.reflect.DelegatingMethodAccessorImpl.invoke(DelegatingMethodAccessorImpl.java:43)
	at java.lang.reflect.Method.invoke(Method.java:498)
	at com.intellij.rt.execution.application.AppMain.main(AppMain.java:147)
]]>
            </full-stacktrace>
          </exception> <!-- org.testng.TestException -->
          <reporter-output>
          </reporter-output>
        </test-method> <!-- negativeArg -->
        <test-method status="PASS" signature="testSqrtDouble(double, double)[pri:0, instance:testng.calculator.SqrtTest@4f4a7090]" name="testSqrtDouble" duration-ms="0" started-at="2017-06-04T16:27:07Z" data-provider="sqrtDataProvider" finished-at="2017-06-04T16:27:07Z">
          <params>
            <param index="0">
              <value>
                <![CDATA[1.21]]>
              </value>
            </param>
            <param index="1">
              <value>
                <![CDATA[1.1]]>
              </value>
            </param>
          </params>
          <reporter-output>
          </reporter-output>
        </test-method> <!-- testSqrtDouble -->
        <test-method status="PASS" signature="testSqrtDouble(double, double)[pri:0, instance:testng.calculator.SqrtTest@4f4a7090]" name="testSqrtDouble" duration-ms="0" started-at="2017-06-04T16:27:07Z" data-provider="sqrtDataProvider" finished-at="2017-06-04T16:27:07Z">
          <params>
            <param index="0">
              <value>
                <![CDATA[156.25]]>
              </value>
            </param>
            <param index="1">
              <value>
                <![CDATA[12.5]]>
              </value>
            </param>
          </params>
          <reporter-output>
          </reporter-output>
        </test-method> <!-- testSqrtDouble -->
      </class> <!-- testng.calculator.SqrtTest -->
      <class name="testng.calculator.PowTest">
        <test-method status="PASS" signature="testPowDouble(double, double, double)[pri:0, instance:testng.calculator.PowTest@52d455b8]" name="testPowDouble" duration-ms="0" started-at="2017-06-04T16:27:07Z" data-provider="powDataProvider" finished-at="2017-06-04T16:27:07Z">
          <params>
            <param index="0">
              <value>
                <![CDATA[2.0]]>
              </value>
            </param>
            <param index="1">
              <value>
                <![CDATA[1.0]]>
              </value>
            </param>
            <param index="2">
              <value>
                <![CDATA[2.0]]>
              </value>
            </param>
          </params>
          <reporter-output>
          </reporter-output>
        </test-method> <!-- testPowDouble -->
        <test-method status="PASS" signature="setUp()[pri:0, instance:testng.calculator.PowTest@52d455b8]" name="setUp" is-config="true" duration-ms="0" started-at="2017-06-04T16:27:07Z" finished-at="2017-06-04T16:27:07Z">
          <reporter-output>
          </reporter-output>
        </test-method> <!-- setUp -->
        <test-method status="PASS" signature="testPowDouble(double, double, double)[pri:0, instance:testng.calculator.PowTest@52d455b8]" name="testPowDouble" duration-ms="0" started-at="2017-06-04T16:27:07Z" data-provider="powDataProvider" finished-at="2017-06-04T16:27:07Z">
          <params>
            <param index="0">
              <value>
                <![CDATA[25.0]]>
              </value>
            </param>
            <param index="1">
              <value>
                <![CDATA[0.0]]>
              </value>
            </param>
            <param index="2">
              <value>
                <![CDATA[1.0]]>
              </value>
            </param>
          </params>
          <reporter-output>
          </reporter-output>
        </test-method> <!-- testPowDouble -->
        <test-method status="FAIL" signature="testPowDouble(double, double, double)[pri:0, instance:testng.calculator.PowTest@52d455b8]" name="testPowDouble" duration-ms="0" started-at="2017-06-04T16:27:07Z" data-provider="powDataProvider" finished-at="2017-06-04T16:27:07Z">
          <params>
            <param index="0">
              <value>
                <![CDATA[-2.2]]>
              </value>
            </param>
            <param index="1">
              <value>
                <![CDATA[2.0]]>
              </value>
            </param>
            <param index="2">
              <value>
                <![CDATA[4.84]]>
              </value>
            </param>
          </params>
          <exception class="java.lang.AssertionError">
            <message>
              <![CDATA[expected [4.84] but found [4.840000000000001]]]>
            </message>
            <full-stacktrace>
              <![CDATA[java.lang.AssertionError: expected [4.84] but found [4.840000000000001]
	at org.testng.Assert.fail(Assert.java:93)
	at org.testng.Assert.failNotEquals(Assert.java:512)
	at org.testng.Assert.assertEqualsImpl(Assert.java:134)
	at org.testng.Assert.assertEquals(Assert.java:115)
	at org.testng.Assert.assertEquals(Assert.java:178)
	at testng.calculator.PowTest.testPowDouble(PowTest.java:14)
	at sun.reflect.NativeMethodAccessorImpl.invoke0(Native Method)
	at sun.reflect.NativeMethodAccessorImpl.invoke(NativeMethodAccessorImpl.java:62)
	at sun.reflect.DelegatingMethodAccessorImpl.invoke(DelegatingMethodAccessorImpl.java:43)
	at java.lang.reflect.Method.invoke(Method.java:498)
	at org.testng.internal.MethodInvocationHelper.invokeMethod(MethodInvocationHelper.java:108)
	at org.testng.internal.Invoker.invokeMethod(Invoker.java:661)
	at org.testng.internal.Invoker.invokeTestMethod(Invoker.java:869)
	at org.testng.internal.Invoker.invokeTestMethods(Invoker.java:1193)
	at org.testng.internal.TestMethodWorker.invokeTestMethods(TestMethodWorker.java:126)
	at org.testng.internal.TestMethodWorker.run(TestMethodWorker.java:109)
	at org.testng.TestRunner.privateRun(TestRunner.java:744)
	at org.testng.TestRunner.run(TestRunner.java:602)
	at org.testng.SuiteRunner.runTest(SuiteRunner.java:380)
	at org.testng.SuiteRunner.runSequentially(SuiteRunner.java:375)
	at org.testng.SuiteRunner.privateRun(SuiteRunner.java:340)
	at org.testng.SuiteRunner.run(SuiteRunner.java:289)
	at org.testng.SuiteRunnerWorker.runSuite(SuiteRunnerWorker.java:52)
	at org.testng.SuiteRunnerWorker.run(SuiteRunnerWorker.java:86)
	at org.testng.TestNG.runSuitesSequentially(TestNG.java:1301)
	at org.testng.TestNG.runSuitesSequentially(TestNG.java:1297)
	at org.testng.TestNG.runSuitesLocally(TestNG.java:1226)
	at org.testng.TestNG.runSuites(TestNG.java:1144)
	at org.testng.TestNG.run(TestNG.java:1115)
	at testng.runner.TestRunner.main(TestRunner.java:33)
	at sun.reflect.NativeMethodAccessorImpl.invoke0(Native Method)
	at sun.reflect.NativeMethodAccessorImpl.invoke(NativeMethodAccessorImpl.java:62)
	at sun.reflect.DelegatingMethodAccessorImpl.invoke(DelegatingMethodAccessorImpl.java:43)
	at java.lang.reflect.Method.invoke(Method.java:498)
	at com.intellij.rt.execution.application.AppMain.main(AppMain.java:147)
]]>
            </full-stacktrace>
          </exception> <!-- java.lang.AssertionError -->
          <reporter-output>
          </reporter-output>
        </test-method> <!-- testPowDouble -->
        <test-method status="FAIL" signature="testPowDouble(double, double, double)[pri:0, instance:testng.calculator.PowTest@52d455b8]" name="testPowDouble" duration-ms="0" started-at="2017-06-04T16:27:07Z" data-provider="powDataProvider" finished-at="2017-06-04T16:27:07Z">
          <params>
            <param index="0">
              <value>
                <![CDATA[81.0]]>
              </value>
            </param>
            <param index="1">
              <value>
                <![CDATA[0.25]]>
              </value>
            </param>
            <param index="2">
              <value>
                <![CDATA[3.0]]>
              </value>
            </param>
          </params>
          <exception class="java.lang.AssertionError">
            <message>
              <![CDATA[expected [3.0] but found [1.0]]]>
            </message>
            <full-stacktrace>
              <![CDATA[java.lang.AssertionError: expected [3.0] but found [1.0]
	at org.testng.Assert.fail(Assert.java:93)
	at org.testng.Assert.failNotEquals(Assert.java:512)
	at org.testng.Assert.assertEqualsImpl(Assert.java:134)
	at org.testng.Assert.assertEquals(Assert.java:115)
	at org.testng.Assert.assertEquals(Assert.java:178)
	at testng.calculator.PowTest.testPowDouble(PowTest.java:14)
	at sun.reflect.NativeMethodAccessorImpl.invoke0(Native Method)
	at sun.reflect.NativeMethodAccessorImpl.invoke(NativeMethodAccessorImpl.java:62)
	at sun.reflect.DelegatingMethodAccessorImpl.invoke(DelegatingMethodAccessorImpl.java:43)
	at java.lang.reflect.Method.invoke(Method.java:498)
	at org.testng.internal.MethodInvocationHelper.invokeMethod(MethodInvocationHelper.java:108)
	at org.testng.internal.Invoker.invokeMethod(Invoker.java:661)
	at org.testng.internal.Invoker.invokeTestMethod(Invoker.java:869)
	at org.testng.internal.Invoker.invokeTestMethods(Invoker.java:1193)
	at org.testng.internal.TestMethodWorker.invokeTestMethods(TestMethodWorker.java:126)
	at org.testng.internal.TestMethodWorker.run(TestMethodWorker.java:109)
	at org.testng.TestRunner.privateRun(TestRunner.java:744)
	at org.testng.TestRunner.run(TestRunner.java:602)
	at org.testng.SuiteRunner.runTest(SuiteRunner.java:380)
	at org.testng.SuiteRunner.runSequentially(SuiteRunner.java:375)
	at org.testng.SuiteRunner.privateRun(SuiteRunner.java:340)
	at org.testng.SuiteRunner.run(SuiteRunner.java:289)
	at org.testng.SuiteRunnerWorker.runSuite(SuiteRunnerWorker.java:52)
	at org.testng.SuiteRunnerWorker.run(SuiteRunnerWorker.java:86)
	at org.testng.TestNG.runSuitesSequentially(TestNG.java:1301)
	at org.testng.TestNG.runSuitesSequentially(TestNG.java:1297)
	at org.testng.TestNG.runSuitesLocally(TestNG.java:1226)
	at org.testng.TestNG.runSuites(TestNG.java:1144)
	at org.testng.TestNG.run(TestNG.java:1115)
	at testng.runner.TestRunner.main(TestRunner.java:33)
	at sun.reflect.NativeMethodAccessorImpl.invoke0(Native Method)
	at sun.reflect.NativeMethodAccessorImpl.invoke(NativeMethodAccessorImpl.java:62)
	at sun.reflect.DelegatingMethodAccessorImpl.invoke(DelegatingMethodAccessorImpl.java:43)
	at java.lang.reflect.Method.invoke(Method.java:498)
	at com.intellij.rt.execution.application.AppMain.main(AppMain.java:147)
]]>
            </full-stacktrace>
          </exception> <!-- java.lang.AssertionError -->
          <reporter-output>
          </reporter-output>
        </test-method> <!-- testPowDouble -->
        <test-method status="PASS" signature="testPowDouble(double, double, double)[pri:0, instance:testng.calculator.PowTest@52d455b8]" name="testPowDouble" duration-ms="0" started-at="2017-06-04T16:27:07Z" data-provider="powDataProvider" finished-at="2017-06-04T16:27:07Z">
          <params>
            <param index="0">
              <value>
                <![CDATA[-2.0]]>
              </value>
            </param>
            <param index="1">
              <value>
                <![CDATA[2.0]]>
              </value>
            </param>
            <param index="2">
              <value>
                <![CDATA[4.0]]>
              </value>
            </param>
          </params>
          <reporter-output>
          </reporter-output>
        </test-method> <!-- testPowDouble -->
        <test-method status="PASS" signature="testPowDouble(double, double, double)[pri:0, instance:testng.calculator.PowTest@52d455b8]" name="testPowDouble" duration-ms="0" started-at="2017-06-04T16:27:07Z" data-provider="powDataProvider" finished-at="2017-06-04T16:27:07Z">
          <params>
            <param index="0">
              <value>
                <![CDATA[2.0]]>
              </value>
            </param>
            <param index="1">
              <value>
                <![CDATA[-1.0]]>
              </value>
            </param>
            <param index="2">
              <value>
                <![CDATA[0.5]]>
              </value>
            </param>
          </params>
          <reporter-output>
          </reporter-output>
        </test-method> <!-- testPowDouble -->
      </class> <!-- testng.calculator.PowTest -->
    </test> <!-- PowSqrtTest -->
    <test name="InfinityTest" duration-ms="0" started-at="2017-06-04T13:27:07Z" finished-at="2017-06-04T13:27:07Z">
      <class name="testng.calculator.TgTest">
        <test-method status="FAIL" signature="tg90()[pri:0, instance:testng.calculator.TgTest@ba4d54]" name="tg90" duration-ms="0" started-at="2017-06-04T16:27:07Z" finished-at="2017-06-04T16:27:07Z">
          <exception class="java.lang.NullPointerException">
            <full-stacktrace>
              <![CDATA[java.lang.NullPointerException
	at testng.calculator.TgTest.tg90(TgTest.java:31)
	at sun.reflect.NativeMethodAccessorImpl.invoke0(Native Method)
	at sun.reflect.NativeMethodAccessorImpl.invoke(NativeMethodAccessorImpl.java:62)
	at sun.reflect.DelegatingMethodAccessorImpl.invoke(DelegatingMethodAccessorImpl.java:43)
	at java.lang.reflect.Method.invoke(Method.java:498)
	at org.testng.internal.MethodInvocationHelper.invokeMethod(MethodInvocationHelper.java:108)
	at org.testng.internal.Invoker.invokeMethod(Invoker.java:661)
	at org.testng.internal.Invoker.invokeTestMethod(Invoker.java:869)
	at org.testng.internal.Invoker.invokeTestMethods(Invoker.java:1193)
	at org.testng.internal.TestMethodWorker.invokeTestMethods(TestMethodWorker.java:126)
	at org.testng.internal.TestMethodWorker.run(TestMethodWorker.java:109)
	at org.testng.TestRunner.privateRun(TestRunner.java:744)
	at org.testng.TestRunner.run(TestRunner.java:602)
	at org.testng.SuiteRunner.runTest(SuiteRunner.java:380)
	at org.testng.SuiteRunner.runSequentially(SuiteRunner.java:375)
	at org.testng.SuiteRunner.privateRun(SuiteRunner.java:340)
	at org.testng.SuiteRunner.run(SuiteRunner.java:289)
	at org.testng.SuiteRunnerWorker.runSuite(SuiteRunnerWorker.java:52)
	at org.testng.SuiteRunnerWorker.run(SuiteRunnerWorker.java:86)
	at org.testng.TestNG.runSuitesSequentially(TestNG.java:1301)
	at org.testng.TestNG.runSuitesSequentially(TestNG.java:1297)
	at org.testng.TestNG.runSuitesLocally(TestNG.java:1226)
	at org.testng.TestNG.runSuites(TestNG.java:1144)
	at org.testng.TestNG.run(TestNG.java:1115)
	at testng.runner.TestRunner.main(TestRunner.java:33)
	at sun.reflect.NativeMethodAccessorImpl.invoke0(Native Method)
	at sun.reflect.NativeMethodAccessorImpl.invoke(NativeMethodAccessorImpl.java:62)
	at sun.reflect.DelegatingMethodAccessorImpl.invoke(DelegatingMethodAccessorImpl.java:43)
	at java.lang.reflect.Method.invoke(Method.java:498)
	at com.intellij.rt.execution.application.AppMain.main(AppMain.java:147)
]]>
            </full-stacktrace>
          </exception> <!-- java.lang.NullPointerException -->
          <reporter-output>
          </reporter-output>
        </test-method> <!-- tg90 -->
      </class> <!-- testng.calculator.TgTest -->
      <class name="testng.calculator.CtgTest">
        <test-method status="FAIL" signature="ctg0()[pri:0, instance:testng.calculator.CtgTest@12bc6874]" name="ctg0" duration-ms="0" started-at="2017-06-04T16:27:07Z" finished-at="2017-06-04T16:27:07Z">
          <exception class="java.lang.NullPointerException">
            <full-stacktrace>
              <![CDATA[java.lang.NullPointerException
	at testng.calculator.CtgTest.ctg0(CtgTest.java:31)
	at sun.reflect.NativeMethodAccessorImpl.invoke0(Native Method)
	at sun.reflect.NativeMethodAccessorImpl.invoke(NativeMethodAccessorImpl.java:62)
	at sun.reflect.DelegatingMethodAccessorImpl.invoke(DelegatingMethodAccessorImpl.java:43)
	at java.lang.reflect.Method.invoke(Method.java:498)
	at org.testng.internal.MethodInvocationHelper.invokeMethod(MethodInvocationHelper.java:108)
	at org.testng.internal.Invoker.invokeMethod(Invoker.java:661)
	at org.testng.internal.Invoker.invokeTestMethod(Invoker.java:869)
	at org.testng.internal.Invoker.invokeTestMethods(Invoker.java:1193)
	at org.testng.internal.TestMethodWorker.invokeTestMethods(TestMethodWorker.java:126)
	at org.testng.internal.TestMethodWorker.run(TestMethodWorker.java:109)
	at org.testng.TestRunner.privateRun(TestRunner.java:744)
	at org.testng.TestRunner.run(TestRunner.java:602)
	at org.testng.SuiteRunner.runTest(SuiteRunner.java:380)
	at org.testng.SuiteRunner.runSequentially(SuiteRunner.java:375)
	at org.testng.SuiteRunner.privateRun(SuiteRunner.java:340)
	at org.testng.SuiteRunner.run(SuiteRunner.java:289)
	at org.testng.SuiteRunnerWorker.runSuite(SuiteRunnerWorker.java:52)
	at org.testng.SuiteRunnerWorker.run(SuiteRunnerWorker.java:86)
	at org.testng.TestNG.runSuitesSequentially(TestNG.java:1301)
	at org.testng.TestNG.runSuitesSequentially(TestNG.java:1297)
	at org.testng.TestNG.runSuitesLocally(TestNG.java:1226)
	at org.testng.TestNG.runSuites(TestNG.java:1144)
	at org.testng.TestNG.run(TestNG.java:1115)
	at testng.runner.TestRunner.main(TestRunner.java:33)
	at sun.reflect.NativeMethodAccessorImpl.invoke0(Native Method)
	at sun.reflect.NativeMethodAccessorImpl.invoke(NativeMethodAccessorImpl.java:62)
	at sun.reflect.DelegatingMethodAccessorImpl.invoke(DelegatingMethodAccessorImpl.java:43)
	at java.lang.reflect.Method.invoke(Method.java:498)
	at com.intellij.rt.execution.application.AppMain.main(AppMain.java:147)
]]>
            </full-stacktrace>
          </exception> <!-- java.lang.NullPointerException -->
          <reporter-output>
          </reporter-output>
        </test-method> <!-- ctg0 -->
      </class> <!-- testng.calculator.CtgTest -->
      <class name="testng.calculator.PowTest">
        <test-method status="PASS" signature="setPhrase()[pri:0, instance:testng.calculator.PowTest@52d455b8]" name="setPhrase" is-config="true" duration-ms="16" started-at="2017-06-04T16:27:07Z" finished-at="2017-06-04T16:27:07Z">
          <reporter-output>
          </reporter-output>
        </test-method> <!-- setPhrase -->
        <test-method status="PASS" signature="setPhraseDone()[pri:0, instance:testng.calculator.PowTest@52d455b8]" name="setPhraseDone" is-config="true" duration-ms="0" started-at="2017-06-04T16:27:07Z" finished-at="2017-06-04T16:27:07Z">
          <reporter-output>
          </reporter-output>
        </test-method> <!-- setPhraseDone -->
      </class> <!-- testng.calculator.PowTest -->
    </test> <!-- InfinityTest -->
  </suite> <!-- CalculatorTest (0) -->
</testng-results>
