<?xml version="1.0" encoding="UTF-8"?>
<!-- Generated by org.testng.reporters.JUnitXMLReporter -->
<testsuite hostname="EPBYMINW1588" ignored="2" name="InfinityTest" tests="2" failures="2" timestamp="05 Jun 2017 13:20:04 GMT" time="0.0" errors="0">
  <testcase name="tg90" time="0.0" classname="testng.calculator.TgTest">
    <failure type="java.lang.NullPointerException">
      <![CDATA[java.lang.NullPointerException
	at testng.calculator.TgTest.tg90(TgTest.java:30)
	at testng.runner.TestRunner.main(TestRunner.java:33)
... Removed 23 stack frames]]>
    </failure>
  </testcase> <!-- tg90 -->
  <testcase name="ctg0" time="0.0" classname="testng.calculator.CtgTest">
    <failure type="java.lang.NullPointerException">
      <![CDATA[java.lang.NullPointerException
	at testng.calculator.CtgTest.ctg0(CtgTest.java:29)
	at testng.runner.TestRunner.main(TestRunner.java:33)
... Removed 23 stack frames]]>
    </failure>
  </testcase> <!-- ctg0 -->
  <testcase name="testTg" time="0.0" classname="testng.calculator.TgTest">
    <ignored/>
  </testcase> <!-- testTg -->
  <testcase name="testCtg" time="0.0" classname="testng.calculator.CtgTest">
    <ignored/>
  </testcase> <!-- testCtg -->
</testsuite> <!-- InfinityTest -->
