<?xml version="1.0" encoding="UTF-8"?>
<!-- Generated by org.testng.reporters.JUnitXMLReporter -->
<testsuite hostname="Denis-PC" ignored="2" name="PosOrNegTest" tests="10" failures="0" timestamp="04 июн 2017 13:27:07 GMT" time="0.0" errors="0">
  <testcase name="testNegative" time="0.0" classname="testng.calculator.IsNegativeTest"/>
  <testcase name="testNegative" time="0.0" classname="testng.calculator.IsNegativeTest"/>
  <testcase name="testNegative" time="0.0" classname="testng.calculator.IsNegativeTest"/>
  <testcase name="testNegative" time="0.0" classname="testng.calculator.IsNegativeTest"/>
  <testcase name="testNegative" time="0.0" classname="testng.calculator.IsNegativeTest"/>
  <testcase name="testPositive" time="0.0" classname="testng.calculator.IsPosititveTest"/>
  <testcase name="testPositive" time="0.0" classname="testng.calculator.IsPosititveTest"/>
  <testcase name="testPositive" time="0.0" classname="testng.calculator.IsPosititveTest"/>
  <testcase name="testPositive" time="0.0" classname="testng.calculator.IsPosititveTest"/>
  <testcase name="testPositive" time="0.0" classname="testng.calculator.IsPosititveTest"/>
  <testcase name="@BeforeSuite setPhrase" time="0.0" classname="testng.calculator.BaseTest">
    <ignored/>
  </testcase> <!-- @BeforeSuite setPhrase -->
  <testcase name="@AfterSuite setPhraseDone" time="0.0" classname="testng.calculator.BaseTest">
    <ignored/>
  </testcase> <!-- @AfterSuite setPhraseDone -->
</testsuite> <!-- PosOrNegTest -->
